[2025-10-04T23:45:03.163+0000] {local_task_job_runner.py:123} INFO - ::group::Pre task execution logs
[2025-10-04T23:45:03.174+0000] {taskinstance.py:2612} INFO - Dependencies all met for dep_context=non-requeueable deps ti=<TaskInstance: alpha_vantage_to_snowflake.execute_pipeline scheduled__2025-10-04T23:30:00+00:00 [queued]>
[2025-10-04T23:45:03.180+0000] {taskinstance.py:2612} INFO - Dependencies all met for dep_context=requeueable deps ti=<TaskInstance: alpha_vantage_to_snowflake.execute_pipeline scheduled__2025-10-04T23:30:00+00:00 [queued]>
[2025-10-04T23:45:03.180+0000] {taskinstance.py:2865} INFO - Starting attempt 1 of 1
[2025-10-04T23:45:03.188+0000] {taskinstance.py:2888} INFO - Executing <Task(_PythonDecoratedOperator): execute_pipeline> on 2025-10-04 23:30:00+00:00
[2025-10-04T23:45:03.196+0000] {logging_mixin.py:190} WARNING - /home/***/.local/lib/python3.12/site-packages/***/task/task_runner/standard_task_runner.py:70 DeprecationWarning: This process (pid=7430) is multi-threaded, use of fork() may lead to deadlocks in the child.
[2025-10-04T23:45:03.197+0000] {standard_task_runner.py:72} INFO - Started process 7433 to run task
[2025-10-04T23:45:03.196+0000] {standard_task_runner.py:104} INFO - Running: ['***', 'tasks', 'run', 'alpha_vantage_to_snowflake', 'execute_pipeline', 'scheduled__2025-10-04T23:30:00+00:00', '--job-id', '46', '--raw', '--subdir', 'DAGS_FOLDER/alpha_vantage_to_snowflake.py', '--cfg-path', '/tmp/tmp4lnojd_l']
[2025-10-04T23:45:03.198+0000] {standard_task_runner.py:105} INFO - Job 46: Subtask execute_pipeline
[2025-10-04T23:45:03.235+0000] {task_command.py:467} INFO - Running <TaskInstance: alpha_vantage_to_snowflake.execute_pipeline scheduled__2025-10-04T23:30:00+00:00 [running]> on host a2bdf5c201a5
[2025-10-04T23:45:03.303+0000] {taskinstance.py:3131} INFO - Exporting env vars: AIRFLOW_CTX_DAG_OWNER='***' AIRFLOW_CTX_DAG_ID='alpha_vantage_to_snowflake' AIRFLOW_CTX_TASK_ID='execute_pipeline' AIRFLOW_CTX_EXECUTION_DATE='2025-10-04T23:30:00+00:00' AIRFLOW_CTX_TRY_NUMBER='1' AIRFLOW_CTX_DAG_RUN_ID='scheduled__2025-10-04T23:30:00+00:00'
[2025-10-04T23:45:03.305+0000] {taskinstance.py:731} INFO - ::endgroup::
[2025-10-04T23:45:03.314+0000] {base.py:84} INFO - Retrieving connection 'snowflake_conn'
[2025-10-04T23:45:03.315+0000] {connection.py:413} INFO - Snowflake Connector for Python Version: 3.12.1, Python Version: 3.12.5, Platform: Linux-5.15.167.4-microsoft-standard-WSL2-x86_64-with-glibc2.36
[2025-10-04T23:45:03.316+0000] {connection.py:1196} INFO - Connecting to GLOBAL Snowflake domain
[2025-10-04T23:45:03.317+0000] {connection.py:1277} INFO - This connection is in OCSP Fail Open Mode. TLS Certificates would be checked for validity and revocation status. Any other Certificate Revocation related exceptions or OCSP Responder failures would be disregarded in favor of connectivity.
[2025-10-04T23:45:04.150+0000] {cursor.py:1156} INFO - Number of results in first chunk: 1
[2025-10-04T23:45:05.030+0000] {cursor.py:1156} INFO - Number of results in first chunk: 1
[2025-10-04T23:46:16.997+0000] {cursor.py:1156} INFO - Number of results in first chunk: 1
[2025-10-04T23:46:16.998+0000] {logging_mixin.py:190} INFO - Data inserted successfully into Snowflake table
[2025-10-04T23:46:16.999+0000] {python.py:240} INFO - Done. Returned value was: None
[2025-10-04T23:46:17.008+0000] {taskinstance.py:340} INFO - ::group::Post task execution logs
[2025-10-04T23:46:17.008+0000] {taskinstance.py:352} INFO - Marking task as SUCCESS. dag_id=alpha_vantage_to_snowflake, task_id=execute_pipeline, run_id=scheduled__2025-10-04T23:30:00+00:00, execution_date=20251004T233000, start_date=20251004T234503, end_date=20251004T234617
[2025-10-04T23:46:17.036+0000] {local_task_job_runner.py:266} INFO - Task exited with return code 0
[2025-10-04T23:46:17.047+0000] {taskinstance.py:3900} INFO - 0 downstream tasks scheduled from follow-on schedule check
[2025-10-04T23:46:17.049+0000] {local_task_job_runner.py:245} INFO - ::endgroup::
