[2025-11-14T18:15:57.465+0000] {local_task_job_runner.py:123} INFO - ::group::Pre task execution logs
[2025-11-14T18:15:57.480+0000] {taskinstance.py:2612} INFO - Dependencies all met for dep_context=non-requeueable deps ti=<TaskInstance: Medium_to_Pinecone.create_pinecone_index scheduled__2025-11-06T00:00:00+00:00 [queued]>
[2025-11-14T18:15:57.488+0000] {taskinstance.py:2612} INFO - Dependencies all met for dep_context=requeueable deps ti=<TaskInstance: Medium_to_Pinecone.create_pinecone_index scheduled__2025-11-06T00:00:00+00:00 [queued]>
[2025-11-14T18:15:57.489+0000] {taskinstance.py:2865} INFO - Starting attempt 1 of 2
[2025-11-14T18:15:57.505+0000] {taskinstance.py:2888} INFO - Executing <Task(_PythonDecoratedOperator): create_pinecone_index> on 2025-11-06 00:00:00+00:00
[2025-11-14T18:15:57.526+0000] {standard_task_runner.py:104} INFO - Running: ['***', 'tasks', 'run', 'Medium_to_Pinecone', 'create_pinecone_index', 'scheduled__2025-11-06T00:00:00+00:00', '--job-id', '15', '--raw', '--subdir', 'DAGS_FOLDER/medium_post_search.py', '--cfg-path', '/tmp/tmpuhche9_h']
[2025-11-14T18:15:57.532+0000] {standard_task_runner.py:105} INFO - Job 15: Subtask create_pinecone_index
[2025-11-14T18:15:57.532+0000] {logging_mixin.py:190} WARNING - /home/***/.local/lib/python3.12/site-packages/***/task/task_runner/standard_task_runner.py:70 DeprecationWarning: This process (pid=210) is multi-threaded, use of fork() may lead to deadlocks in the child.
[2025-11-14T18:15:57.534+0000] {standard_task_runner.py:72} INFO - Started process 343 to run task
[2025-11-14T18:15:57.586+0000] {task_command.py:467} INFO - Running <TaskInstance: Medium_to_Pinecone.create_pinecone_index scheduled__2025-11-06T00:00:00+00:00 [running]> on host 1b188de9cc75
[2025-11-14T18:15:57.661+0000] {taskinstance.py:3131} INFO - Exporting env vars: AIRFLOW_CTX_DAG_OWNER='***' AIRFLOW_CTX_DAG_ID='Medium_to_Pinecone' AIRFLOW_CTX_TASK_ID='create_pinecone_index' AIRFLOW_CTX_EXECUTION_DATE='2025-11-06T00:00:00+00:00' AIRFLOW_CTX_TRY_NUMBER='1' AIRFLOW_CTX_DAG_RUN_ID='scheduled__2025-11-06T00:00:00+00:00'
[2025-11-14T18:15:57.663+0000] {taskinstance.py:731} INFO - ::endgroup::
[2025-11-14T18:16:05.334+0000] {taskinstance.py:3310} ERROR - Task failed with exception
Traceback (most recent call last):
  File "/home/airflow/.local/lib/python3.12/site-packages/airflow/models/taskinstance.py", line 767, in _execute_task
    result = _execute_callable(context=context, **execute_callable_kwargs)
             ^^^^^^^^^^^^^^^^^^^^^^^^^^^^^^^^^^^^^^^^^^^^^^^^^^^^^^^^^^^^^
  File "/home/airflow/.local/lib/python3.12/site-packages/airflow/models/taskinstance.py", line 733, in _execute_callable
    return ExecutionCallableRunner(
           ^^^^^^^^^^^^^^^^^^^^^^^^
  File "/home/airflow/.local/lib/python3.12/site-packages/airflow/utils/operator_helpers.py", line 252, in run
    return self.func(*args, **kwargs)
           ^^^^^^^^^^^^^^^^^^^^^^^^^^
  File "/home/airflow/.local/lib/python3.12/site-packages/airflow/models/baseoperator.py", line 406, in wrapper
    return func(self, *args, **kwargs)
           ^^^^^^^^^^^^^^^^^^^^^^^^^^^
  File "/home/airflow/.local/lib/python3.12/site-packages/airflow/decorators/base.py", line 266, in execute
    return_value = super().execute(context)
                   ^^^^^^^^^^^^^^^^^^^^^^^^
  File "/home/airflow/.local/lib/python3.12/site-packages/airflow/models/baseoperator.py", line 406, in wrapper
    return func(self, *args, **kwargs)
           ^^^^^^^^^^^^^^^^^^^^^^^^^^^
  File "/home/airflow/.local/lib/python3.12/site-packages/airflow/operators/python.py", line 238, in execute
    return_value = self.execute_callable()
                   ^^^^^^^^^^^^^^^^^^^^^^^
  File "/home/airflow/.local/lib/python3.12/site-packages/airflow/operators/python.py", line 256, in execute_callable
    return runner.run(*self.op_args, **self.op_kwargs)
           ^^^^^^^^^^^^^^^^^^^^^^^^^^^^^^^^^^^^^^^^^^^
  File "/home/airflow/.local/lib/python3.12/site-packages/airflow/utils/operator_helpers.py", line 252, in run
    return self.func(*args, **kwargs)
           ^^^^^^^^^^^^^^^^^^^^^^^^^^
  File "/opt/airflow/dags/medium_post_search.py", line 99, in create_pinecone_index
    pc.create_index(
  File "/home/airflow/.local/lib/python3.12/site-packages/pinecone/pinecone.py", line 334, in create_index
    return self.db.index.create(
           ^^^^^^^^^^^^^^^^^^^^^
  File "/home/airflow/.local/lib/python3.12/site-packages/pinecone/utils/require_kwargs.py", line 14, in wrapper
    return func(*args, **kwargs)
           ^^^^^^^^^^^^^^^^^^^^^
  File "/home/airflow/.local/lib/python3.12/site-packages/pinecone/db_control/resources/sync/index.py", line 81, in create
    resp = self._index_api.create_index(create_index_request=req)
           ^^^^^^^^^^^^^^^^^^^^^^^^^^^^^^^^^^^^^^^^^^^^^^^^^^^^^^
  File "/home/airflow/.local/lib/python3.12/site-packages/pinecone/openapi_support/endpoint.py", line 102, in __call__
    return self.callable(self, *args, **kwargs)
           ^^^^^^^^^^^^^^^^^^^^^^^^^^^^^^^^^^^^
  File "/home/airflow/.local/lib/python3.12/site-packages/pinecone/core/openapi/db_control/api/manage_indexes_api.py", line 322, in __create_index
    return self.call_with_http_info(**kwargs)
           ^^^^^^^^^^^^^^^^^^^^^^^^^^^^^^^^^^
  File "/home/airflow/.local/lib/python3.12/site-packages/pinecone/openapi_support/endpoint.py", line 134, in call_with_http_info
    return self.api_client.call_api(
           ^^^^^^^^^^^^^^^^^^^^^^^^^
  File "/home/airflow/.local/lib/python3.12/site-packages/pinecone/openapi_support/api_client.py", line 306, in call_api
    return self.__call_api(
           ^^^^^^^^^^^^^^^^
  File "/home/airflow/.local/lib/python3.12/site-packages/pinecone/openapi_support/api_client.py", line 182, in __call_api
    raise e
  File "/home/airflow/.local/lib/python3.12/site-packages/pinecone/openapi_support/api_client.py", line 170, in __call_api
    response_data = self.request(
                    ^^^^^^^^^^^^^
  File "/home/airflow/.local/lib/python3.12/site-packages/pinecone/openapi_support/api_client.py", line 386, in request
    return self.rest_client.POST(
           ^^^^^^^^^^^^^^^^^^^^^^
  File "/home/airflow/.local/lib/python3.12/site-packages/pinecone/openapi_support/rest_utils.py", line 146, in POST
    return self.request(
           ^^^^^^^^^^^^^
  File "/home/airflow/.local/lib/python3.12/site-packages/pinecone/openapi_support/rest_urllib3.py", line 267, in request
    return raise_exceptions_or_return(r)
           ^^^^^^^^^^^^^^^^^^^^^^^^^^^^^
  File "/home/airflow/.local/lib/python3.12/site-packages/pinecone/openapi_support/rest_utils.py", line 49, in raise_exceptions_or_return
    raise PineconeApiException(http_resp=r)
pinecone.exceptions.exceptions.PineconeApiException: (409)
Reason: Conflict
HTTP response headers: HTTPHeaderDict({'content-type': 'text/plain; charset=utf-8', 'access-control-allow-origin': '*', 'vary': 'origin,access-control-request-method,access-control-request-headers', 'access-control-expose-headers': '*', 'x-pinecone-api-version': '2025-04', 'x-cloud-trace-context': '06a7c10bfb317d2d33824ef39b8fd45c', 'date': 'Fri, 14 Nov 2025 18:16:05 GMT', 'server': 'Google Frontend', 'Content-Length': '85', 'Via': '1.1 google', 'Alt-Svc': 'h3=":443"; ma=2592000,h3-29=":443"; ma=2592000'})
HTTP response body: {"error":{"code":"ALREADY_EXISTS","message":"Resource  already exists"},"status":409}

[2025-11-14T18:16:05.352+0000] {taskinstance.py:1225} INFO - Marking task as UP_FOR_RETRY. dag_id=Medium_to_Pinecone, task_id=create_pinecone_index, run_id=scheduled__2025-11-06T00:00:00+00:00, execution_date=20251106T000000, start_date=20251114T181557, end_date=20251114T181605
[2025-11-14T18:16:05.363+0000] {taskinstance.py:340} INFO - ::group::Post task execution logs
[2025-11-14T18:16:05.364+0000] {standard_task_runner.py:124} ERROR - Failed to execute job 15 for task create_pinecone_index ((409)
Reason: Conflict
HTTP response headers: HTTPHeaderDict({'content-type': 'text/plain; charset=utf-8', 'access-control-allow-origin': '*', 'vary': 'origin,access-control-request-method,access-control-request-headers', 'access-control-expose-headers': '*', 'x-pinecone-api-version': '2025-04', 'x-cloud-trace-context': '06a7c10bfb317d2d33824ef39b8fd45c', 'date': 'Fri, 14 Nov 2025 18:16:05 GMT', 'server': 'Google Frontend', 'Content-Length': '85', 'Via': '1.1 google', 'Alt-Svc': 'h3=":443"; ma=2592000,h3-29=":443"; ma=2592000'})
HTTP response body: {"error":{"code":"ALREADY_EXISTS","message":"Resource  already exists"},"status":409}
; 343)
Traceback (most recent call last):
  File "/home/airflow/.local/lib/python3.12/site-packages/airflow/task/task_runner/standard_task_runner.py", line 117, in _start_by_fork
    ret = args.func(args, dag=self.dag)
          ^^^^^^^^^^^^^^^^^^^^^^^^^^^^^
  File "/home/airflow/.local/lib/python3.12/site-packages/airflow/cli/cli_config.py", line 49, in command
    return func(*args, **kwargs)
           ^^^^^^^^^^^^^^^^^^^^^
  File "/home/airflow/.local/lib/python3.12/site-packages/airflow/utils/cli.py", line 115, in wrapper
    return f(*args, **kwargs)
           ^^^^^^^^^^^^^^^^^^
  File "/home/airflow/.local/lib/python3.12/site-packages/airflow/cli/commands/task_command.py", line 483, in task_run
    task_return_code = _run_task_by_selected_method(args, _dag, ti)
                       ^^^^^^^^^^^^^^^^^^^^^^^^^^^^^^^^^^^^^^^^^^^^
  File "/home/airflow/.local/lib/python3.12/site-packages/airflow/cli/commands/task_command.py", line 256, in _run_task_by_selected_method
    return _run_raw_task(args, ti)
           ^^^^^^^^^^^^^^^^^^^^^^^
  File "/home/airflow/.local/lib/python3.12/site-packages/airflow/cli/commands/task_command.py", line 341, in _run_raw_task
    return ti._run_raw_task(
           ^^^^^^^^^^^^^^^^^
  File "/home/airflow/.local/lib/python3.12/site-packages/airflow/utils/session.py", line 97, in wrapper
    return func(*args, session=session, **kwargs)
           ^^^^^^^^^^^^^^^^^^^^^^^^^^^^^^^^^^^^^^
  File "/home/airflow/.local/lib/python3.12/site-packages/airflow/models/taskinstance.py", line 3004, in _run_raw_task
    return _run_raw_task(
           ^^^^^^^^^^^^^^
  File "/home/airflow/.local/lib/python3.12/site-packages/airflow/models/taskinstance.py", line 273, in _run_raw_task
    TaskInstance._execute_task_with_callbacks(
  File "/home/airflow/.local/lib/python3.12/site-packages/airflow/models/taskinstance.py", line 3158, in _execute_task_with_callbacks
    result = self._execute_task(context, task_orig)
             ^^^^^^^^^^^^^^^^^^^^^^^^^^^^^^^^^^^^^^
  File "/home/airflow/.local/lib/python3.12/site-packages/airflow/models/taskinstance.py", line 3182, in _execute_task
    return _execute_task(self, context, task_orig)
           ^^^^^^^^^^^^^^^^^^^^^^^^^^^^^^^^^^^^^^^
  File "/home/airflow/.local/lib/python3.12/site-packages/airflow/models/taskinstance.py", line 767, in _execute_task
    result = _execute_callable(context=context, **execute_callable_kwargs)
             ^^^^^^^^^^^^^^^^^^^^^^^^^^^^^^^^^^^^^^^^^^^^^^^^^^^^^^^^^^^^^
  File "/home/airflow/.local/lib/python3.12/site-packages/airflow/models/taskinstance.py", line 733, in _execute_callable
    return ExecutionCallableRunner(
           ^^^^^^^^^^^^^^^^^^^^^^^^
  File "/home/airflow/.local/lib/python3.12/site-packages/airflow/utils/operator_helpers.py", line 252, in run
    return self.func(*args, **kwargs)
           ^^^^^^^^^^^^^^^^^^^^^^^^^^
  File "/home/airflow/.local/lib/python3.12/site-packages/airflow/models/baseoperator.py", line 406, in wrapper
    return func(self, *args, **kwargs)
           ^^^^^^^^^^^^^^^^^^^^^^^^^^^
  File "/home/airflow/.local/lib/python3.12/site-packages/airflow/decorators/base.py", line 266, in execute
    return_value = super().execute(context)
                   ^^^^^^^^^^^^^^^^^^^^^^^^
  File "/home/airflow/.local/lib/python3.12/site-packages/airflow/models/baseoperator.py", line 406, in wrapper
    return func(self, *args, **kwargs)
           ^^^^^^^^^^^^^^^^^^^^^^^^^^^
  File "/home/airflow/.local/lib/python3.12/site-packages/airflow/operators/python.py", line 238, in execute
    return_value = self.execute_callable()
                   ^^^^^^^^^^^^^^^^^^^^^^^
  File "/home/airflow/.local/lib/python3.12/site-packages/airflow/operators/python.py", line 256, in execute_callable
    return runner.run(*self.op_args, **self.op_kwargs)
           ^^^^^^^^^^^^^^^^^^^^^^^^^^^^^^^^^^^^^^^^^^^
  File "/home/airflow/.local/lib/python3.12/site-packages/airflow/utils/operator_helpers.py", line 252, in run
    return self.func(*args, **kwargs)
           ^^^^^^^^^^^^^^^^^^^^^^^^^^
  File "/opt/airflow/dags/medium_post_search.py", line 99, in create_pinecone_index
    pc.create_index(
  File "/home/airflow/.local/lib/python3.12/site-packages/pinecone/pinecone.py", line 334, in create_index
    return self.db.index.create(
           ^^^^^^^^^^^^^^^^^^^^^
  File "/home/airflow/.local/lib/python3.12/site-packages/pinecone/utils/require_kwargs.py", line 14, in wrapper
    return func(*args, **kwargs)
           ^^^^^^^^^^^^^^^^^^^^^
  File "/home/airflow/.local/lib/python3.12/site-packages/pinecone/db_control/resources/sync/index.py", line 81, in create
    resp = self._index_api.create_index(create_index_request=req)
           ^^^^^^^^^^^^^^^^^^^^^^^^^^^^^^^^^^^^^^^^^^^^^^^^^^^^^^
  File "/home/airflow/.local/lib/python3.12/site-packages/pinecone/openapi_support/endpoint.py", line 102, in __call__
    return self.callable(self, *args, **kwargs)
           ^^^^^^^^^^^^^^^^^^^^^^^^^^^^^^^^^^^^
  File "/home/airflow/.local/lib/python3.12/site-packages/pinecone/core/openapi/db_control/api/manage_indexes_api.py", line 322, in __create_index
    return self.call_with_http_info(**kwargs)
           ^^^^^^^^^^^^^^^^^^^^^^^^^^^^^^^^^^
  File "/home/airflow/.local/lib/python3.12/site-packages/pinecone/openapi_support/endpoint.py", line 134, in call_with_http_info
    return self.api_client.call_api(
           ^^^^^^^^^^^^^^^^^^^^^^^^^
  File "/home/airflow/.local/lib/python3.12/site-packages/pinecone/openapi_support/api_client.py", line 306, in call_api
    return self.__call_api(
           ^^^^^^^^^^^^^^^^
  File "/home/airflow/.local/lib/python3.12/site-packages/pinecone/openapi_support/api_client.py", line 182, in __call_api
    raise e
  File "/home/airflow/.local/lib/python3.12/site-packages/pinecone/openapi_support/api_client.py", line 170, in __call_api
    response_data = self.request(
                    ^^^^^^^^^^^^^
  File "/home/airflow/.local/lib/python3.12/site-packages/pinecone/openapi_support/api_client.py", line 386, in request
    return self.rest_client.POST(
           ^^^^^^^^^^^^^^^^^^^^^^
  File "/home/airflow/.local/lib/python3.12/site-packages/pinecone/openapi_support/rest_utils.py", line 146, in POST
    return self.request(
           ^^^^^^^^^^^^^
  File "/home/airflow/.local/lib/python3.12/site-packages/pinecone/openapi_support/rest_urllib3.py", line 267, in request
    return raise_exceptions_or_return(r)
           ^^^^^^^^^^^^^^^^^^^^^^^^^^^^^
  File "/home/airflow/.local/lib/python3.12/site-packages/pinecone/openapi_support/rest_utils.py", line 49, in raise_exceptions_or_return
    raise PineconeApiException(http_resp=r)
pinecone.exceptions.exceptions.PineconeApiException: (409)
Reason: Conflict
HTTP response headers: HTTPHeaderDict({'content-type': 'text/plain; charset=utf-8', 'access-control-allow-origin': '*', 'vary': 'origin,access-control-request-method,access-control-request-headers', 'access-control-expose-headers': '*', 'x-pinecone-api-version': '2025-04', 'x-cloud-trace-context': '06a7c10bfb317d2d33824ef39b8fd45c', 'date': 'Fri, 14 Nov 2025 18:16:05 GMT', 'server': 'Google Frontend', 'Content-Length': '85', 'Via': '1.1 google', 'Alt-Svc': 'h3=":443"; ma=2592000,h3-29=":443"; ma=2592000'})
HTTP response body: {"error":{"code":"ALREADY_EXISTS","message":"Resource  already exists"},"status":409}

[2025-11-14T18:16:05.409+0000] {local_task_job_runner.py:266} INFO - Task exited with return code 1
[2025-11-14T18:16:05.423+0000] {taskinstance.py:3900} INFO - 0 downstream tasks scheduled from follow-on schedule check
[2025-11-14T18:16:05.426+0000] {local_task_job_runner.py:245} INFO - ::endgroup::
