[2025-11-14T18:15:48.362+0000] {processor.py:186} INFO - Started process (PID=213) to work on /opt/airflow/dags/medium_post_search.py
[2025-11-14T18:15:48.365+0000] {processor.py:914} INFO - Processing file /opt/airflow/dags/medium_post_search.py for tasks to queue
[2025-11-14T18:15:48.372+0000] {logging_mixin.py:190} INFO - [2025-11-14T18:15:48.372+0000] {dagbag.py:587} INFO - Filling up the DagBag from /opt/airflow/dags/medium_post_search.py
[2025-11-14T18:15:57.357+0000] {logging_mixin.py:190} INFO - {{ task_instance.xcom_pull(task_ids='preprocess_data', dag_id='Medium_to_Pinecone', key='return_value') }}
[2025-11-14T18:15:57.361+0000] {processor.py:925} INFO - DAG(s) 'Medium_to_Pinecone' retrieved from /opt/airflow/dags/medium_post_search.py
[2025-11-14T18:15:57.396+0000] {logging_mixin.py:190} INFO - [2025-11-14T18:15:57.395+0000] {dag.py:3229} INFO - Sync 1 DAGs
[2025-11-14T18:15:57.417+0000] {logging_mixin.py:190} INFO - [2025-11-14T18:15:57.417+0000] {dag.py:4156} INFO - Setting next_dagrun for Medium_to_Pinecone to 2025-11-13 00:00:00+00:00, run_after=2025-11-20 00:00:00+00:00
[2025-11-14T18:15:57.439+0000] {processor.py:208} INFO - Processing /opt/airflow/dags/medium_post_search.py took 9.090 seconds
[2025-11-14T18:16:27.613+0000] {processor.py:186} INFO - Started process (PID=441) to work on /opt/airflow/dags/medium_post_search.py
[2025-11-14T18:16:27.614+0000] {processor.py:914} INFO - Processing file /opt/airflow/dags/medium_post_search.py for tasks to queue
[2025-11-14T18:16:27.617+0000] {logging_mixin.py:190} INFO - [2025-11-14T18:16:27.616+0000] {dagbag.py:587} INFO - Filling up the DagBag from /opt/airflow/dags/medium_post_search.py
[2025-11-14T18:16:32.598+0000] {logging_mixin.py:190} INFO - {{ task_instance.xcom_pull(task_ids='preprocess_data', dag_id='Medium_to_Pinecone', key='return_value') }}
[2025-11-14T18:16:32.602+0000] {processor.py:925} INFO - DAG(s) 'Medium_to_Pinecone' retrieved from /opt/airflow/dags/medium_post_search.py
[2025-11-14T18:16:32.626+0000] {logging_mixin.py:190} INFO - [2025-11-14T18:16:32.626+0000] {dag.py:3229} INFO - Sync 1 DAGs
[2025-11-14T18:16:32.647+0000] {logging_mixin.py:190} INFO - [2025-11-14T18:16:32.647+0000] {dag.py:4156} INFO - Setting next_dagrun for Medium_to_Pinecone to 2025-11-13 00:00:00+00:00, run_after=2025-11-20 00:00:00+00:00
[2025-11-14T18:16:32.663+0000] {processor.py:208} INFO - Processing /opt/airflow/dags/medium_post_search.py took 5.055 seconds
[2025-11-14T18:17:03.118+0000] {processor.py:186} INFO - Started process (PID=532) to work on /opt/airflow/dags/medium_post_search.py
[2025-11-14T18:17:03.118+0000] {processor.py:914} INFO - Processing file /opt/airflow/dags/medium_post_search.py for tasks to queue
[2025-11-14T18:17:03.120+0000] {logging_mixin.py:190} INFO - [2025-11-14T18:17:03.120+0000] {dagbag.py:587} INFO - Filling up the DagBag from /opt/airflow/dags/medium_post_search.py
[2025-11-14T18:17:08.154+0000] {logging_mixin.py:190} INFO - {{ task_instance.xcom_pull(task_ids='preprocess_data', dag_id='Medium_to_Pinecone', key='return_value') }}
[2025-11-14T18:17:08.157+0000] {processor.py:925} INFO - DAG(s) 'Medium_to_Pinecone' retrieved from /opt/airflow/dags/medium_post_search.py
[2025-11-14T18:17:08.174+0000] {logging_mixin.py:190} INFO - [2025-11-14T18:17:08.174+0000] {dag.py:3229} INFO - Sync 1 DAGs
[2025-11-14T18:17:08.190+0000] {logging_mixin.py:190} INFO - [2025-11-14T18:17:08.190+0000] {dag.py:4156} INFO - Setting next_dagrun for Medium_to_Pinecone to 2025-11-13 00:00:00+00:00, run_after=2025-11-20 00:00:00+00:00
[2025-11-14T18:17:08.203+0000] {processor.py:208} INFO - Processing /opt/airflow/dags/medium_post_search.py took 3.877 seconds
[2025-11-14T18:18:21.227+0000] {processor.py:186} INFO - Started process (PID=204) to work on /opt/airflow/dags/medium_post_search.py
[2025-11-14T18:18:21.228+0000] {processor.py:914} INFO - Processing file /opt/airflow/dags/medium_post_search.py for tasks to queue
[2025-11-14T18:18:21.230+0000] {logging_mixin.py:190} INFO - [2025-11-14T18:18:21.229+0000] {dagbag.py:587} INFO - Filling up the DagBag from /opt/airflow/dags/medium_post_search.py
[2025-11-14T18:18:25.150+0000] {logging_mixin.py:190} INFO - {{ task_instance.xcom_pull(task_ids='preprocess_data', dag_id='Medium_to_Pinecone', key='return_value') }}
[2025-11-14T18:18:25.153+0000] {processor.py:925} INFO - DAG(s) 'Medium_to_Pinecone' retrieved from /opt/airflow/dags/medium_post_search.py
[2025-11-14T18:18:25.169+0000] {logging_mixin.py:190} INFO - [2025-11-14T18:18:25.169+0000] {dag.py:3229} INFO - Sync 1 DAGs
[2025-11-14T18:18:25.182+0000] {logging_mixin.py:190} INFO - [2025-11-14T18:18:25.182+0000] {dag.py:4156} INFO - Setting next_dagrun for Medium_to_Pinecone to 2025-11-13 00:00:00+00:00, run_after=2025-11-20 00:00:00+00:00
[2025-11-14T18:18:25.197+0000] {processor.py:208} INFO - Processing /opt/airflow/dags/medium_post_search.py took 3.974 seconds
[2025-11-14T18:18:55.615+0000] {processor.py:186} INFO - Started process (PID=283) to work on /opt/airflow/dags/medium_post_search.py
[2025-11-14T18:18:55.617+0000] {processor.py:914} INFO - Processing file /opt/airflow/dags/medium_post_search.py for tasks to queue
[2025-11-14T18:18:55.619+0000] {logging_mixin.py:190} INFO - [2025-11-14T18:18:55.619+0000] {dagbag.py:587} INFO - Filling up the DagBag from /opt/airflow/dags/medium_post_search.py
[2025-11-14T18:18:59.381+0000] {logging_mixin.py:190} INFO - {{ task_instance.xcom_pull(task_ids='preprocess_data', dag_id='Medium_to_Pinecone', key='return_value') }}
[2025-11-14T18:18:59.383+0000] {processor.py:925} INFO - DAG(s) 'Medium_to_Pinecone' retrieved from /opt/airflow/dags/medium_post_search.py
[2025-11-14T18:18:59.399+0000] {logging_mixin.py:190} INFO - [2025-11-14T18:18:59.399+0000] {dag.py:3229} INFO - Sync 1 DAGs
[2025-11-14T18:18:59.412+0000] {logging_mixin.py:190} INFO - [2025-11-14T18:18:59.412+0000] {dag.py:4156} INFO - Setting next_dagrun for Medium_to_Pinecone to 2025-11-13 00:00:00+00:00, run_after=2025-11-20 00:00:00+00:00
[2025-11-14T18:18:59.424+0000] {processor.py:208} INFO - Processing /opt/airflow/dags/medium_post_search.py took 3.814 seconds
[2025-11-14T18:23:30.104+0000] {processor.py:186} INFO - Started process (PID=289) to work on /opt/airflow/dags/medium_post_search.py
[2025-11-14T18:23:30.105+0000] {processor.py:914} INFO - Processing file /opt/airflow/dags/medium_post_search.py for tasks to queue
[2025-11-14T18:23:30.107+0000] {logging_mixin.py:190} INFO - [2025-11-14T18:23:30.107+0000] {dagbag.py:587} INFO - Filling up the DagBag from /opt/airflow/dags/medium_post_search.py
[2025-11-14T18:23:33.992+0000] {logging_mixin.py:190} INFO - {{ task_instance.xcom_pull(task_ids='preprocess_data', dag_id='Medium_to_Pinecone', key='return_value') }}
[2025-11-14T18:23:33.994+0000] {processor.py:925} INFO - DAG(s) 'Medium_to_Pinecone' retrieved from /opt/airflow/dags/medium_post_search.py
[2025-11-14T18:23:34.016+0000] {logging_mixin.py:190} INFO - [2025-11-14T18:23:34.016+0000] {dag.py:3229} INFO - Sync 1 DAGs
[2025-11-14T18:23:34.033+0000] {logging_mixin.py:190} INFO - [2025-11-14T18:23:34.033+0000] {dag.py:4156} INFO - Setting next_dagrun for Medium_to_Pinecone to 2025-11-13 00:00:00+00:00, run_after=2025-11-20 00:00:00+00:00
[2025-11-14T18:23:34.048+0000] {processor.py:208} INFO - Processing /opt/airflow/dags/medium_post_search.py took 3.949 seconds
[2025-11-14T18:23:46.480+0000] {processor.py:186} INFO - Started process (PID=204) to work on /opt/airflow/dags/medium_post_search.py
[2025-11-14T18:23:46.481+0000] {processor.py:914} INFO - Processing file /opt/airflow/dags/medium_post_search.py for tasks to queue
[2025-11-14T18:23:46.483+0000] {logging_mixin.py:190} INFO - [2025-11-14T18:23:46.483+0000] {dagbag.py:587} INFO - Filling up the DagBag from /opt/airflow/dags/medium_post_search.py
[2025-11-14T18:23:50.491+0000] {logging_mixin.py:190} INFO - {{ task_instance.xcom_pull(task_ids='preprocess_data', dag_id='Medium_to_Pinecone', key='return_value') }}
[2025-11-14T18:23:50.493+0000] {processor.py:925} INFO - DAG(s) 'Medium_to_Pinecone' retrieved from /opt/airflow/dags/medium_post_search.py
[2025-11-14T18:23:50.515+0000] {logging_mixin.py:190} INFO - [2025-11-14T18:23:50.515+0000] {dag.py:3229} INFO - Sync 1 DAGs
[2025-11-14T18:23:50.527+0000] {logging_mixin.py:190} INFO - [2025-11-14T18:23:50.527+0000] {dag.py:4156} INFO - Setting next_dagrun for Medium_to_Pinecone to 2025-11-13 00:00:00+00:00, run_after=2025-11-20 00:00:00+00:00
[2025-11-14T18:23:50.539+0000] {processor.py:208} INFO - Processing /opt/airflow/dags/medium_post_search.py took 4.063 seconds
[2025-11-14T18:24:20.929+0000] {processor.py:186} INFO - Started process (PID=284) to work on /opt/airflow/dags/medium_post_search.py
[2025-11-14T18:24:20.930+0000] {processor.py:914} INFO - Processing file /opt/airflow/dags/medium_post_search.py for tasks to queue
[2025-11-14T18:24:20.931+0000] {logging_mixin.py:190} INFO - [2025-11-14T18:24:20.931+0000] {dagbag.py:587} INFO - Filling up the DagBag from /opt/airflow/dags/medium_post_search.py
[2025-11-14T18:24:25.608+0000] {logging_mixin.py:190} INFO - {{ task_instance.xcom_pull(task_ids='preprocess_data', dag_id='Medium_to_Pinecone', key='return_value') }}
[2025-11-14T18:24:25.611+0000] {processor.py:925} INFO - DAG(s) 'Medium_to_Pinecone' retrieved from /opt/airflow/dags/medium_post_search.py
[2025-11-14T18:24:25.629+0000] {logging_mixin.py:190} INFO - [2025-11-14T18:24:25.628+0000] {dag.py:3229} INFO - Sync 1 DAGs
[2025-11-14T18:24:25.643+0000] {logging_mixin.py:190} INFO - [2025-11-14T18:24:25.643+0000] {dag.py:4156} INFO - Setting next_dagrun for Medium_to_Pinecone to 2025-11-13 00:00:00+00:00, run_after=2025-11-20 00:00:00+00:00
[2025-11-14T18:24:25.656+0000] {processor.py:208} INFO - Processing /opt/airflow/dags/medium_post_search.py took 3.677 seconds
[2025-11-14T18:24:56.362+0000] {processor.py:186} INFO - Started process (PID=317) to work on /opt/airflow/dags/medium_post_search.py
[2025-11-14T18:24:56.363+0000] {processor.py:914} INFO - Processing file /opt/airflow/dags/medium_post_search.py for tasks to queue
[2025-11-14T18:24:56.365+0000] {logging_mixin.py:190} INFO - [2025-11-14T18:24:56.365+0000] {dagbag.py:587} INFO - Filling up the DagBag from /opt/airflow/dags/medium_post_search.py
[2025-11-14T18:25:00.108+0000] {logging_mixin.py:190} INFO - {{ task_instance.xcom_pull(task_ids='preprocess_data', dag_id='Medium_to_Pinecone', key='return_value') }}
[2025-11-14T18:25:00.110+0000] {processor.py:925} INFO - DAG(s) 'Medium_to_Pinecone' retrieved from /opt/airflow/dags/medium_post_search.py
[2025-11-14T18:25:00.126+0000] {logging_mixin.py:190} INFO - [2025-11-14T18:25:00.126+0000] {dag.py:3229} INFO - Sync 1 DAGs
[2025-11-14T18:25:00.139+0000] {logging_mixin.py:190} INFO - [2025-11-14T18:25:00.139+0000] {dag.py:4156} INFO - Setting next_dagrun for Medium_to_Pinecone to 2025-11-13 00:00:00+00:00, run_after=2025-11-20 00:00:00+00:00
[2025-11-14T18:25:00.157+0000] {processor.py:208} INFO - Processing /opt/airflow/dags/medium_post_search.py took 3.800 seconds
[2025-11-14T18:25:30.699+0000] {processor.py:186} INFO - Started process (PID=359) to work on /opt/airflow/dags/medium_post_search.py
[2025-11-14T18:25:30.700+0000] {processor.py:914} INFO - Processing file /opt/airflow/dags/medium_post_search.py for tasks to queue
[2025-11-14T18:25:30.702+0000] {logging_mixin.py:190} INFO - [2025-11-14T18:25:30.702+0000] {dagbag.py:587} INFO - Filling up the DagBag from /opt/airflow/dags/medium_post_search.py
[2025-11-14T18:25:34.307+0000] {logging_mixin.py:190} INFO - {{ task_instance.xcom_pull(task_ids='preprocess_data', dag_id='Medium_to_Pinecone', key='return_value') }}
[2025-11-14T18:25:34.309+0000] {processor.py:925} INFO - DAG(s) 'Medium_to_Pinecone' retrieved from /opt/airflow/dags/medium_post_search.py
[2025-11-14T18:25:34.327+0000] {logging_mixin.py:190} INFO - [2025-11-14T18:25:34.327+0000] {dag.py:3229} INFO - Sync 1 DAGs
[2025-11-14T18:25:34.342+0000] {logging_mixin.py:190} INFO - [2025-11-14T18:25:34.342+0000] {dag.py:4156} INFO - Setting next_dagrun for Medium_to_Pinecone to 2025-11-13 00:00:00+00:00, run_after=2025-11-20 00:00:00+00:00
[2025-11-14T18:25:34.354+0000] {processor.py:208} INFO - Processing /opt/airflow/dags/medium_post_search.py took 3.659 seconds
[2025-11-14T18:25:59.751+0000] {processor.py:186} INFO - Started process (PID=206) to work on /opt/airflow/dags/medium_post_search.py
[2025-11-14T18:25:59.752+0000] {processor.py:914} INFO - Processing file /opt/airflow/dags/medium_post_search.py for tasks to queue
[2025-11-14T18:25:59.754+0000] {logging_mixin.py:190} INFO - [2025-11-14T18:25:59.753+0000] {dagbag.py:587} INFO - Filling up the DagBag from /opt/airflow/dags/medium_post_search.py
[2025-11-14T18:26:03.832+0000] {logging_mixin.py:190} INFO - {{ task_instance.xcom_pull(task_ids='preprocess_data', dag_id='Medium_to_Pinecone', key='return_value') }}
[2025-11-14T18:26:03.835+0000] {processor.py:925} INFO - DAG(s) 'Medium_to_Pinecone' retrieved from /opt/airflow/dags/medium_post_search.py
[2025-11-14T18:26:03.853+0000] {logging_mixin.py:190} INFO - [2025-11-14T18:26:03.853+0000] {dag.py:3229} INFO - Sync 1 DAGs
[2025-11-14T18:26:03.869+0000] {logging_mixin.py:190} INFO - [2025-11-14T18:26:03.869+0000] {dag.py:4156} INFO - Setting next_dagrun for Medium_to_Pinecone to 2025-11-13 00:00:00+00:00, run_after=2025-11-20 00:00:00+00:00
[2025-11-14T18:26:03.885+0000] {processor.py:208} INFO - Processing /opt/airflow/dags/medium_post_search.py took 4.138 seconds
[2025-11-14T18:26:34.205+0000] {processor.py:186} INFO - Started process (PID=360) to work on /opt/airflow/dags/medium_post_search.py
[2025-11-14T18:26:34.206+0000] {processor.py:914} INFO - Processing file /opt/airflow/dags/medium_post_search.py for tasks to queue
[2025-11-14T18:26:34.208+0000] {logging_mixin.py:190} INFO - [2025-11-14T18:26:34.208+0000] {dagbag.py:587} INFO - Filling up the DagBag from /opt/airflow/dags/medium_post_search.py
[2025-11-14T18:26:38.505+0000] {logging_mixin.py:190} INFO - {{ task_instance.xcom_pull(task_ids='preprocess_data', dag_id='Medium_to_Pinecone', key='return_value') }}
[2025-11-14T18:26:38.507+0000] {processor.py:925} INFO - DAG(s) 'Medium_to_Pinecone' retrieved from /opt/airflow/dags/medium_post_search.py
[2025-11-14T18:26:38.524+0000] {logging_mixin.py:190} INFO - [2025-11-14T18:26:38.523+0000] {dag.py:3229} INFO - Sync 1 DAGs
[2025-11-14T18:26:38.538+0000] {logging_mixin.py:190} INFO - [2025-11-14T18:26:38.538+0000] {dag.py:4156} INFO - Setting next_dagrun for Medium_to_Pinecone to 2025-11-13 00:00:00+00:00, run_after=2025-11-20 00:00:00+00:00
[2025-11-14T18:26:38.562+0000] {processor.py:208} INFO - Processing /opt/airflow/dags/medium_post_search.py took 4.362 seconds
[2025-11-14T18:27:08.884+0000] {processor.py:186} INFO - Started process (PID=451) to work on /opt/airflow/dags/medium_post_search.py
[2025-11-14T18:27:08.884+0000] {processor.py:914} INFO - Processing file /opt/airflow/dags/medium_post_search.py for tasks to queue
[2025-11-14T18:27:08.886+0000] {logging_mixin.py:190} INFO - [2025-11-14T18:27:08.886+0000] {dagbag.py:587} INFO - Filling up the DagBag from /opt/airflow/dags/medium_post_search.py
[2025-11-14T18:27:12.576+0000] {logging_mixin.py:190} INFO - {{ task_instance.xcom_pull(task_ids='preprocess_data', dag_id='Medium_to_Pinecone', key='return_value') }}
[2025-11-14T18:27:12.579+0000] {processor.py:925} INFO - DAG(s) 'Medium_to_Pinecone' retrieved from /opt/airflow/dags/medium_post_search.py
[2025-11-14T18:27:12.597+0000] {logging_mixin.py:190} INFO - [2025-11-14T18:27:12.597+0000] {dag.py:3229} INFO - Sync 1 DAGs
[2025-11-14T18:27:12.612+0000] {logging_mixin.py:190} INFO - [2025-11-14T18:27:12.612+0000] {dag.py:4156} INFO - Setting next_dagrun for Medium_to_Pinecone to 2025-11-13 00:00:00+00:00, run_after=2025-11-20 00:00:00+00:00
[2025-11-14T18:27:12.626+0000] {processor.py:208} INFO - Processing /opt/airflow/dags/medium_post_search.py took 3.746 seconds
[2025-11-14T18:27:43.200+0000] {processor.py:186} INFO - Started process (PID=490) to work on /opt/airflow/dags/medium_post_search.py
[2025-11-14T18:27:43.201+0000] {processor.py:914} INFO - Processing file /opt/airflow/dags/medium_post_search.py for tasks to queue
[2025-11-14T18:27:43.203+0000] {logging_mixin.py:190} INFO - [2025-11-14T18:27:43.202+0000] {dagbag.py:587} INFO - Filling up the DagBag from /opt/airflow/dags/medium_post_search.py
[2025-11-14T18:27:46.959+0000] {logging_mixin.py:190} INFO - {{ task_instance.xcom_pull(task_ids='preprocess_data', dag_id='Medium_to_Pinecone', key='return_value') }}
[2025-11-14T18:27:46.963+0000] {processor.py:925} INFO - DAG(s) 'Medium_to_Pinecone' retrieved from /opt/airflow/dags/medium_post_search.py
[2025-11-14T18:27:46.988+0000] {logging_mixin.py:190} INFO - [2025-11-14T18:27:46.987+0000] {dag.py:3229} INFO - Sync 1 DAGs
[2025-11-14T18:27:47.008+0000] {logging_mixin.py:190} INFO - [2025-11-14T18:27:47.008+0000] {dag.py:4156} INFO - Setting next_dagrun for Medium_to_Pinecone to 2025-11-13 00:00:00+00:00, run_after=2025-11-20 00:00:00+00:00
[2025-11-14T18:27:47.027+0000] {processor.py:208} INFO - Processing /opt/airflow/dags/medium_post_search.py took 3.832 seconds
[2025-11-14T18:28:17.109+0000] {processor.py:186} INFO - Started process (PID=523) to work on /opt/airflow/dags/medium_post_search.py
[2025-11-14T18:28:17.110+0000] {processor.py:914} INFO - Processing file /opt/airflow/dags/medium_post_search.py for tasks to queue
[2025-11-14T18:28:17.112+0000] {logging_mixin.py:190} INFO - [2025-11-14T18:28:17.112+0000] {dagbag.py:587} INFO - Filling up the DagBag from /opt/airflow/dags/medium_post_search.py
[2025-11-14T18:28:20.699+0000] {logging_mixin.py:190} INFO - {{ task_instance.xcom_pull(task_ids='preprocess_data', dag_id='Medium_to_Pinecone', key='return_value') }}
[2025-11-14T18:28:20.702+0000] {processor.py:925} INFO - DAG(s) 'Medium_to_Pinecone' retrieved from /opt/airflow/dags/medium_post_search.py
[2025-11-14T18:28:20.720+0000] {logging_mixin.py:190} INFO - [2025-11-14T18:28:20.719+0000] {dag.py:3229} INFO - Sync 1 DAGs
[2025-11-14T18:28:20.733+0000] {logging_mixin.py:190} INFO - [2025-11-14T18:28:20.733+0000] {dag.py:4156} INFO - Setting next_dagrun for Medium_to_Pinecone to 2025-11-13 00:00:00+00:00, run_after=2025-11-20 00:00:00+00:00
[2025-11-14T18:28:20.747+0000] {processor.py:208} INFO - Processing /opt/airflow/dags/medium_post_search.py took 3.642 seconds
[2025-11-14T18:28:50.986+0000] {processor.py:186} INFO - Started process (PID=557) to work on /opt/airflow/dags/medium_post_search.py
[2025-11-14T18:28:50.987+0000] {processor.py:914} INFO - Processing file /opt/airflow/dags/medium_post_search.py for tasks to queue
[2025-11-14T18:28:50.989+0000] {logging_mixin.py:190} INFO - [2025-11-14T18:28:50.988+0000] {dagbag.py:587} INFO - Filling up the DagBag from /opt/airflow/dags/medium_post_search.py
[2025-11-14T18:28:54.482+0000] {logging_mixin.py:190} INFO - {{ task_instance.xcom_pull(task_ids='preprocess_data', dag_id='Medium_to_Pinecone', key='return_value') }}
[2025-11-14T18:28:54.484+0000] {processor.py:925} INFO - DAG(s) 'Medium_to_Pinecone' retrieved from /opt/airflow/dags/medium_post_search.py
[2025-11-14T18:28:54.501+0000] {logging_mixin.py:190} INFO - [2025-11-14T18:28:54.500+0000] {dag.py:3229} INFO - Sync 1 DAGs
[2025-11-14T18:28:54.514+0000] {logging_mixin.py:190} INFO - [2025-11-14T18:28:54.514+0000] {dag.py:4156} INFO - Setting next_dagrun for Medium_to_Pinecone to 2025-11-13 00:00:00+00:00, run_after=2025-11-20 00:00:00+00:00
[2025-11-14T18:28:54.528+0000] {processor.py:208} INFO - Processing /opt/airflow/dags/medium_post_search.py took 3.546 seconds
[2025-11-14T18:29:25.033+0000] {processor.py:186} INFO - Started process (PID=590) to work on /opt/airflow/dags/medium_post_search.py
[2025-11-14T18:29:25.034+0000] {processor.py:914} INFO - Processing file /opt/airflow/dags/medium_post_search.py for tasks to queue
[2025-11-14T18:29:25.036+0000] {logging_mixin.py:190} INFO - [2025-11-14T18:29:25.036+0000] {dagbag.py:587} INFO - Filling up the DagBag from /opt/airflow/dags/medium_post_search.py
[2025-11-14T18:29:28.524+0000] {logging_mixin.py:190} INFO - {{ task_instance.xcom_pull(task_ids='preprocess_data', dag_id='Medium_to_Pinecone', key='return_value') }}
[2025-11-14T18:29:28.529+0000] {processor.py:925} INFO - DAG(s) 'Medium_to_Pinecone' retrieved from /opt/airflow/dags/medium_post_search.py
[2025-11-14T18:29:28.555+0000] {logging_mixin.py:190} INFO - [2025-11-14T18:29:28.554+0000] {dag.py:3229} INFO - Sync 1 DAGs
[2025-11-14T18:29:28.577+0000] {logging_mixin.py:190} INFO - [2025-11-14T18:29:28.577+0000] {dag.py:4156} INFO - Setting next_dagrun for Medium_to_Pinecone to 2025-11-13 00:00:00+00:00, run_after=2025-11-20 00:00:00+00:00
[2025-11-14T18:29:28.596+0000] {processor.py:208} INFO - Processing /opt/airflow/dags/medium_post_search.py took 3.567 seconds
[2025-11-14T18:29:58.998+0000] {processor.py:186} INFO - Started process (PID=624) to work on /opt/airflow/dags/medium_post_search.py
[2025-11-14T18:29:58.999+0000] {processor.py:914} INFO - Processing file /opt/airflow/dags/medium_post_search.py for tasks to queue
[2025-11-14T18:29:59.001+0000] {logging_mixin.py:190} INFO - [2025-11-14T18:29:59.001+0000] {dagbag.py:587} INFO - Filling up the DagBag from /opt/airflow/dags/medium_post_search.py
[2025-11-14T18:30:02.852+0000] {logging_mixin.py:190} INFO - {{ task_instance.xcom_pull(task_ids='preprocess_data', dag_id='Medium_to_Pinecone', key='return_value') }}
[2025-11-14T18:30:02.854+0000] {processor.py:925} INFO - DAG(s) 'Medium_to_Pinecone' retrieved from /opt/airflow/dags/medium_post_search.py
[2025-11-14T18:30:02.874+0000] {logging_mixin.py:190} INFO - [2025-11-14T18:30:02.874+0000] {dag.py:3229} INFO - Sync 1 DAGs
[2025-11-14T18:30:02.887+0000] {logging_mixin.py:190} INFO - [2025-11-14T18:30:02.887+0000] {dag.py:4156} INFO - Setting next_dagrun for Medium_to_Pinecone to 2025-11-13 00:00:00+00:00, run_after=2025-11-20 00:00:00+00:00
[2025-11-14T18:30:02.900+0000] {processor.py:208} INFO - Processing /opt/airflow/dags/medium_post_search.py took 3.908 seconds
[2025-11-14T18:30:33.517+0000] {processor.py:186} INFO - Started process (PID=657) to work on /opt/airflow/dags/medium_post_search.py
[2025-11-14T18:30:33.518+0000] {processor.py:914} INFO - Processing file /opt/airflow/dags/medium_post_search.py for tasks to queue
[2025-11-14T18:30:33.520+0000] {logging_mixin.py:190} INFO - [2025-11-14T18:30:33.520+0000] {dagbag.py:587} INFO - Filling up the DagBag from /opt/airflow/dags/medium_post_search.py
[2025-11-14T18:30:37.166+0000] {logging_mixin.py:190} INFO - {{ task_instance.xcom_pull(task_ids='preprocess_data', dag_id='Medium_to_Pinecone', key='return_value') }}
[2025-11-14T18:30:37.169+0000] {processor.py:925} INFO - DAG(s) 'Medium_to_Pinecone' retrieved from /opt/airflow/dags/medium_post_search.py
[2025-11-14T18:30:37.187+0000] {logging_mixin.py:190} INFO - [2025-11-14T18:30:37.186+0000] {dag.py:3229} INFO - Sync 1 DAGs
[2025-11-14T18:30:37.200+0000] {logging_mixin.py:190} INFO - [2025-11-14T18:30:37.200+0000] {dag.py:4156} INFO - Setting next_dagrun for Medium_to_Pinecone to 2025-11-13 00:00:00+00:00, run_after=2025-11-20 00:00:00+00:00
[2025-11-14T18:30:37.215+0000] {processor.py:208} INFO - Processing /opt/airflow/dags/medium_post_search.py took 3.701 seconds
[2025-11-14T18:31:07.369+0000] {processor.py:186} INFO - Started process (PID=690) to work on /opt/airflow/dags/medium_post_search.py
[2025-11-14T18:31:07.369+0000] {processor.py:914} INFO - Processing file /opt/airflow/dags/medium_post_search.py for tasks to queue
[2025-11-14T18:31:07.371+0000] {logging_mixin.py:190} INFO - [2025-11-14T18:31:07.371+0000] {dagbag.py:587} INFO - Filling up the DagBag from /opt/airflow/dags/medium_post_search.py
[2025-11-14T18:31:12.643+0000] {logging_mixin.py:190} INFO - {{ task_instance.xcom_pull(task_ids='preprocess_data', dag_id='Medium_to_Pinecone', key='return_value') }}
[2025-11-14T18:31:12.645+0000] {processor.py:925} INFO - DAG(s) 'Medium_to_Pinecone' retrieved from /opt/airflow/dags/medium_post_search.py
[2025-11-14T18:31:12.666+0000] {logging_mixin.py:190} INFO - [2025-11-14T18:31:12.665+0000] {dag.py:3229} INFO - Sync 1 DAGs
[2025-11-14T18:31:12.680+0000] {logging_mixin.py:190} INFO - [2025-11-14T18:31:12.680+0000] {dag.py:4156} INFO - Setting next_dagrun for Medium_to_Pinecone to 2025-11-13 00:00:00+00:00, run_after=2025-11-20 00:00:00+00:00
[2025-11-14T18:31:12.693+0000] {processor.py:208} INFO - Processing /opt/airflow/dags/medium_post_search.py took 3.836 seconds
[2025-11-14T18:31:42.872+0000] {processor.py:186} INFO - Started process (PID=723) to work on /opt/airflow/dags/medium_post_search.py
[2025-11-14T18:31:42.873+0000] {processor.py:914} INFO - Processing file /opt/airflow/dags/medium_post_search.py for tasks to queue
[2025-11-14T18:31:42.875+0000] {logging_mixin.py:190} INFO - [2025-11-14T18:31:42.875+0000] {dagbag.py:587} INFO - Filling up the DagBag from /opt/airflow/dags/medium_post_search.py
[2025-11-14T18:31:46.568+0000] {logging_mixin.py:190} INFO - {{ task_instance.xcom_pull(task_ids='preprocess_data', dag_id='Medium_to_Pinecone', key='return_value') }}
[2025-11-14T18:31:46.571+0000] {processor.py:925} INFO - DAG(s) 'Medium_to_Pinecone' retrieved from /opt/airflow/dags/medium_post_search.py
[2025-11-14T18:31:46.588+0000] {logging_mixin.py:190} INFO - [2025-11-14T18:31:46.588+0000] {dag.py:3229} INFO - Sync 1 DAGs
[2025-11-14T18:31:46.604+0000] {logging_mixin.py:190} INFO - [2025-11-14T18:31:46.604+0000] {dag.py:4156} INFO - Setting next_dagrun for Medium_to_Pinecone to 2025-11-13 00:00:00+00:00, run_after=2025-11-20 00:00:00+00:00
[2025-11-14T18:31:46.626+0000] {processor.py:208} INFO - Processing /opt/airflow/dags/medium_post_search.py took 3.759 seconds
[2025-11-14T18:32:17.259+0000] {processor.py:186} INFO - Started process (PID=756) to work on /opt/airflow/dags/medium_post_search.py
[2025-11-14T18:32:17.259+0000] {processor.py:914} INFO - Processing file /opt/airflow/dags/medium_post_search.py for tasks to queue
[2025-11-14T18:32:17.261+0000] {logging_mixin.py:190} INFO - [2025-11-14T18:32:17.261+0000] {dagbag.py:587} INFO - Filling up the DagBag from /opt/airflow/dags/medium_post_search.py
[2025-11-14T18:32:20.849+0000] {logging_mixin.py:190} INFO - {{ task_instance.xcom_pull(task_ids='preprocess_data', dag_id='Medium_to_Pinecone', key='return_value') }}
[2025-11-14T18:32:20.852+0000] {processor.py:925} INFO - DAG(s) 'Medium_to_Pinecone' retrieved from /opt/airflow/dags/medium_post_search.py
[2025-11-14T18:32:20.868+0000] {logging_mixin.py:190} INFO - [2025-11-14T18:32:20.868+0000] {dag.py:3229} INFO - Sync 1 DAGs
[2025-11-14T18:32:20.882+0000] {logging_mixin.py:190} INFO - [2025-11-14T18:32:20.882+0000] {dag.py:4156} INFO - Setting next_dagrun for Medium_to_Pinecone to 2025-11-13 00:00:00+00:00, run_after=2025-11-20 00:00:00+00:00
[2025-11-14T18:32:20.900+0000] {processor.py:208} INFO - Processing /opt/airflow/dags/medium_post_search.py took 3.646 seconds
[2025-11-14T18:32:51.004+0000] {processor.py:186} INFO - Started process (PID=789) to work on /opt/airflow/dags/medium_post_search.py
[2025-11-14T18:32:51.005+0000] {processor.py:914} INFO - Processing file /opt/airflow/dags/medium_post_search.py for tasks to queue
[2025-11-14T18:32:51.007+0000] {logging_mixin.py:190} INFO - [2025-11-14T18:32:51.006+0000] {dagbag.py:587} INFO - Filling up the DagBag from /opt/airflow/dags/medium_post_search.py
[2025-11-14T18:32:54.475+0000] {logging_mixin.py:190} INFO - {{ task_instance.xcom_pull(task_ids='preprocess_data', dag_id='Medium_to_Pinecone', key='return_value') }}
[2025-11-14T18:32:54.477+0000] {processor.py:925} INFO - DAG(s) 'Medium_to_Pinecone' retrieved from /opt/airflow/dags/medium_post_search.py
[2025-11-14T18:32:54.496+0000] {logging_mixin.py:190} INFO - [2025-11-14T18:32:54.495+0000] {dag.py:3229} INFO - Sync 1 DAGs
[2025-11-14T18:32:54.510+0000] {logging_mixin.py:190} INFO - [2025-11-14T18:32:54.510+0000] {dag.py:4156} INFO - Setting next_dagrun for Medium_to_Pinecone to 2025-11-13 00:00:00+00:00, run_after=2025-11-20 00:00:00+00:00
[2025-11-14T18:32:54.532+0000] {processor.py:208} INFO - Processing /opt/airflow/dags/medium_post_search.py took 3.533 seconds
[2025-11-14T18:33:25.230+0000] {processor.py:186} INFO - Started process (PID=822) to work on /opt/airflow/dags/medium_post_search.py
[2025-11-14T18:33:25.230+0000] {processor.py:914} INFO - Processing file /opt/airflow/dags/medium_post_search.py for tasks to queue
[2025-11-14T18:33:25.233+0000] {logging_mixin.py:190} INFO - [2025-11-14T18:33:25.232+0000] {dagbag.py:587} INFO - Filling up the DagBag from /opt/airflow/dags/medium_post_search.py
[2025-11-14T18:33:28.895+0000] {logging_mixin.py:190} INFO - {{ task_instance.xcom_pull(task_ids='preprocess_data', dag_id='Medium_to_Pinecone', key='return_value') }}
[2025-11-14T18:33:28.898+0000] {processor.py:925} INFO - DAG(s) 'Medium_to_Pinecone' retrieved from /opt/airflow/dags/medium_post_search.py
[2025-11-14T18:33:28.915+0000] {logging_mixin.py:190} INFO - [2025-11-14T18:33:28.915+0000] {dag.py:3229} INFO - Sync 1 DAGs
[2025-11-14T18:33:28.932+0000] {logging_mixin.py:190} INFO - [2025-11-14T18:33:28.932+0000] {dag.py:4156} INFO - Setting next_dagrun for Medium_to_Pinecone to 2025-11-13 00:00:00+00:00, run_after=2025-11-20 00:00:00+00:00
[2025-11-14T18:33:28.953+0000] {processor.py:208} INFO - Processing /opt/airflow/dags/medium_post_search.py took 3.728 seconds
[2025-11-14T18:33:59.640+0000] {processor.py:186} INFO - Started process (PID=855) to work on /opt/airflow/dags/medium_post_search.py
[2025-11-14T18:33:59.641+0000] {processor.py:914} INFO - Processing file /opt/airflow/dags/medium_post_search.py for tasks to queue
[2025-11-14T18:33:59.643+0000] {logging_mixin.py:190} INFO - [2025-11-14T18:33:59.643+0000] {dagbag.py:587} INFO - Filling up the DagBag from /opt/airflow/dags/medium_post_search.py
[2025-11-14T18:34:03.215+0000] {logging_mixin.py:190} INFO - {{ task_instance.xcom_pull(task_ids='preprocess_data', dag_id='Medium_to_Pinecone', key='return_value') }}
[2025-11-14T18:34:03.218+0000] {processor.py:925} INFO - DAG(s) 'Medium_to_Pinecone' retrieved from /opt/airflow/dags/medium_post_search.py
[2025-11-14T18:34:03.234+0000] {logging_mixin.py:190} INFO - [2025-11-14T18:34:03.233+0000] {dag.py:3229} INFO - Sync 1 DAGs
[2025-11-14T18:34:03.250+0000] {logging_mixin.py:190} INFO - [2025-11-14T18:34:03.250+0000] {dag.py:4156} INFO - Setting next_dagrun for Medium_to_Pinecone to 2025-11-13 00:00:00+00:00, run_after=2025-11-20 00:00:00+00:00
[2025-11-14T18:34:03.264+0000] {processor.py:208} INFO - Processing /opt/airflow/dags/medium_post_search.py took 3.629 seconds
[2025-11-14T18:34:33.617+0000] {processor.py:186} INFO - Started process (PID=894) to work on /opt/airflow/dags/medium_post_search.py
[2025-11-14T18:34:33.618+0000] {processor.py:914} INFO - Processing file /opt/airflow/dags/medium_post_search.py for tasks to queue
[2025-11-14T18:34:33.620+0000] {logging_mixin.py:190} INFO - [2025-11-14T18:34:33.620+0000] {dagbag.py:587} INFO - Filling up the DagBag from /opt/airflow/dags/medium_post_search.py
[2025-11-14T18:34:37.295+0000] {logging_mixin.py:190} INFO - {{ task_instance.xcom_pull(task_ids='preprocess_data', dag_id='Medium_to_Pinecone', key='return_value') }}
[2025-11-14T18:34:37.297+0000] {processor.py:925} INFO - DAG(s) 'Medium_to_Pinecone' retrieved from /opt/airflow/dags/medium_post_search.py
[2025-11-14T18:34:37.316+0000] {logging_mixin.py:190} INFO - [2025-11-14T18:34:37.316+0000] {dag.py:3229} INFO - Sync 1 DAGs
[2025-11-14T18:34:37.332+0000] {logging_mixin.py:190} INFO - [2025-11-14T18:34:37.331+0000] {dag.py:4156} INFO - Setting next_dagrun for Medium_to_Pinecone to 2025-11-13 00:00:00+00:00, run_after=2025-11-20 00:00:00+00:00
[2025-11-14T18:34:37.346+0000] {processor.py:208} INFO - Processing /opt/airflow/dags/medium_post_search.py took 3.733 seconds
[2025-11-14T18:35:07.611+0000] {processor.py:186} INFO - Started process (PID=927) to work on /opt/airflow/dags/medium_post_search.py
[2025-11-14T18:35:07.612+0000] {processor.py:914} INFO - Processing file /opt/airflow/dags/medium_post_search.py for tasks to queue
[2025-11-14T18:35:07.614+0000] {logging_mixin.py:190} INFO - [2025-11-14T18:35:07.614+0000] {dagbag.py:587} INFO - Filling up the DagBag from /opt/airflow/dags/medium_post_search.py
[2025-11-14T18:35:11.172+0000] {logging_mixin.py:190} INFO - {{ task_instance.xcom_pull(task_ids='preprocess_data', dag_id='Medium_to_Pinecone', key='return_value') }}
[2025-11-14T18:35:11.174+0000] {processor.py:925} INFO - DAG(s) 'Medium_to_Pinecone' retrieved from /opt/airflow/dags/medium_post_search.py
[2025-11-14T18:35:11.192+0000] {logging_mixin.py:190} INFO - [2025-11-14T18:35:11.192+0000] {dag.py:3229} INFO - Sync 1 DAGs
[2025-11-14T18:35:11.205+0000] {logging_mixin.py:190} INFO - [2025-11-14T18:35:11.205+0000] {dag.py:4156} INFO - Setting next_dagrun for Medium_to_Pinecone to 2025-11-13 00:00:00+00:00, run_after=2025-11-20 00:00:00+00:00
[2025-11-14T18:35:11.225+0000] {processor.py:208} INFO - Processing /opt/airflow/dags/medium_post_search.py took 3.618 seconds
[2025-11-14T18:35:41.767+0000] {processor.py:186} INFO - Started process (PID=960) to work on /opt/airflow/dags/medium_post_search.py
[2025-11-14T18:35:41.768+0000] {processor.py:914} INFO - Processing file /opt/airflow/dags/medium_post_search.py for tasks to queue
[2025-11-14T18:35:41.770+0000] {logging_mixin.py:190} INFO - [2025-11-14T18:35:41.769+0000] {dagbag.py:587} INFO - Filling up the DagBag from /opt/airflow/dags/medium_post_search.py
[2025-11-14T18:35:45.424+0000] {logging_mixin.py:190} INFO - {{ task_instance.xcom_pull(task_ids='preprocess_data', dag_id='Medium_to_Pinecone', key='return_value') }}
[2025-11-14T18:35:45.427+0000] {processor.py:925} INFO - DAG(s) 'Medium_to_Pinecone' retrieved from /opt/airflow/dags/medium_post_search.py
[2025-11-14T18:35:45.444+0000] {logging_mixin.py:190} INFO - [2025-11-14T18:35:45.443+0000] {dag.py:3229} INFO - Sync 1 DAGs
[2025-11-14T18:35:45.458+0000] {logging_mixin.py:190} INFO - [2025-11-14T18:35:45.458+0000] {dag.py:4156} INFO - Setting next_dagrun for Medium_to_Pinecone to 2025-11-13 00:00:00+00:00, run_after=2025-11-20 00:00:00+00:00
[2025-11-14T18:35:45.479+0000] {processor.py:208} INFO - Processing /opt/airflow/dags/medium_post_search.py took 3.716 seconds
[2025-11-14T18:36:15.666+0000] {processor.py:186} INFO - Started process (PID=993) to work on /opt/airflow/dags/medium_post_search.py
[2025-11-14T18:36:15.667+0000] {processor.py:914} INFO - Processing file /opt/airflow/dags/medium_post_search.py for tasks to queue
[2025-11-14T18:36:15.669+0000] {logging_mixin.py:190} INFO - [2025-11-14T18:36:15.669+0000] {dagbag.py:587} INFO - Filling up the DagBag from /opt/airflow/dags/medium_post_search.py
[2025-11-14T18:36:19.299+0000] {logging_mixin.py:190} INFO - {{ task_instance.xcom_pull(task_ids='preprocess_data', dag_id='Medium_to_Pinecone', key='return_value') }}
[2025-11-14T18:36:19.302+0000] {processor.py:925} INFO - DAG(s) 'Medium_to_Pinecone' retrieved from /opt/airflow/dags/medium_post_search.py
[2025-11-14T18:36:19.318+0000] {logging_mixin.py:190} INFO - [2025-11-14T18:36:19.318+0000] {dag.py:3229} INFO - Sync 1 DAGs
[2025-11-14T18:36:19.336+0000] {logging_mixin.py:190} INFO - [2025-11-14T18:36:19.336+0000] {dag.py:4156} INFO - Setting next_dagrun for Medium_to_Pinecone to 2025-11-13 00:00:00+00:00, run_after=2025-11-20 00:00:00+00:00
[2025-11-14T18:36:19.361+0000] {processor.py:208} INFO - Processing /opt/airflow/dags/medium_post_search.py took 3.699 seconds
[2025-11-14T18:36:49.901+0000] {processor.py:186} INFO - Started process (PID=1026) to work on /opt/airflow/dags/medium_post_search.py
[2025-11-14T18:36:49.902+0000] {processor.py:914} INFO - Processing file /opt/airflow/dags/medium_post_search.py for tasks to queue
[2025-11-14T18:36:49.903+0000] {logging_mixin.py:190} INFO - [2025-11-14T18:36:49.903+0000] {dagbag.py:587} INFO - Filling up the DagBag from /opt/airflow/dags/medium_post_search.py
[2025-11-14T18:36:53.397+0000] {logging_mixin.py:190} INFO - {{ task_instance.xcom_pull(task_ids='preprocess_data', dag_id='Medium_to_Pinecone', key='return_value') }}
[2025-11-14T18:36:53.399+0000] {processor.py:925} INFO - DAG(s) 'Medium_to_Pinecone' retrieved from /opt/airflow/dags/medium_post_search.py
[2025-11-14T18:36:53.419+0000] {logging_mixin.py:190} INFO - [2025-11-14T18:36:53.418+0000] {dag.py:3229} INFO - Sync 1 DAGs
[2025-11-14T18:36:53.432+0000] {logging_mixin.py:190} INFO - [2025-11-14T18:36:53.432+0000] {dag.py:4156} INFO - Setting next_dagrun for Medium_to_Pinecone to 2025-11-13 00:00:00+00:00, run_after=2025-11-20 00:00:00+00:00
[2025-11-14T18:36:53.453+0000] {processor.py:208} INFO - Processing /opt/airflow/dags/medium_post_search.py took 3.556 seconds
[2025-11-14T18:37:23.720+0000] {processor.py:186} INFO - Started process (PID=1059) to work on /opt/airflow/dags/medium_post_search.py
[2025-11-14T18:37:23.720+0000] {processor.py:914} INFO - Processing file /opt/airflow/dags/medium_post_search.py for tasks to queue
[2025-11-14T18:37:23.722+0000] {logging_mixin.py:190} INFO - [2025-11-14T18:37:23.722+0000] {dagbag.py:587} INFO - Filling up the DagBag from /opt/airflow/dags/medium_post_search.py
[2025-11-14T18:37:27.258+0000] {logging_mixin.py:190} INFO - {{ task_instance.xcom_pull(task_ids='preprocess_data', dag_id='Medium_to_Pinecone', key='return_value') }}
[2025-11-14T18:37:27.261+0000] {processor.py:925} INFO - DAG(s) 'Medium_to_Pinecone' retrieved from /opt/airflow/dags/medium_post_search.py
[2025-11-14T18:37:27.279+0000] {logging_mixin.py:190} INFO - [2025-11-14T18:37:27.278+0000] {dag.py:3229} INFO - Sync 1 DAGs
[2025-11-14T18:37:27.294+0000] {logging_mixin.py:190} INFO - [2025-11-14T18:37:27.294+0000] {dag.py:4156} INFO - Setting next_dagrun for Medium_to_Pinecone to 2025-11-13 00:00:00+00:00, run_after=2025-11-20 00:00:00+00:00
[2025-11-14T18:37:27.318+0000] {processor.py:208} INFO - Processing /opt/airflow/dags/medium_post_search.py took 3.603 seconds
[2025-11-14T18:37:57.886+0000] {processor.py:186} INFO - Started process (PID=1092) to work on /opt/airflow/dags/medium_post_search.py
[2025-11-14T18:37:57.887+0000] {processor.py:914} INFO - Processing file /opt/airflow/dags/medium_post_search.py for tasks to queue
[2025-11-14T18:37:57.889+0000] {logging_mixin.py:190} INFO - [2025-11-14T18:37:57.888+0000] {dagbag.py:587} INFO - Filling up the DagBag from /opt/airflow/dags/medium_post_search.py
[2025-11-14T18:38:02.949+0000] {logging_mixin.py:190} INFO - {{ task_instance.xcom_pull(task_ids='preprocess_data', dag_id='Medium_to_Pinecone', key='return_value') }}
[2025-11-14T18:38:02.952+0000] {processor.py:925} INFO - DAG(s) 'Medium_to_Pinecone' retrieved from /opt/airflow/dags/medium_post_search.py
[2025-11-14T18:38:02.969+0000] {logging_mixin.py:190} INFO - [2025-11-14T18:38:02.969+0000] {dag.py:3229} INFO - Sync 1 DAGs
[2025-11-14T18:38:02.984+0000] {logging_mixin.py:190} INFO - [2025-11-14T18:38:02.984+0000] {dag.py:4156} INFO - Setting next_dagrun for Medium_to_Pinecone to 2025-11-13 00:00:00+00:00, run_after=2025-11-20 00:00:00+00:00
[2025-11-14T18:38:03.000+0000] {processor.py:208} INFO - Processing /opt/airflow/dags/medium_post_search.py took 3.634 seconds
[2025-11-14T18:38:33.272+0000] {processor.py:186} INFO - Started process (PID=1125) to work on /opt/airflow/dags/medium_post_search.py
[2025-11-14T18:38:33.273+0000] {processor.py:914} INFO - Processing file /opt/airflow/dags/medium_post_search.py for tasks to queue
[2025-11-14T18:38:33.275+0000] {logging_mixin.py:190} INFO - [2025-11-14T18:38:33.275+0000] {dagbag.py:587} INFO - Filling up the DagBag from /opt/airflow/dags/medium_post_search.py
[2025-11-14T18:38:36.668+0000] {logging_mixin.py:190} INFO - {{ task_instance.xcom_pull(task_ids='preprocess_data', dag_id='Medium_to_Pinecone', key='return_value') }}
[2025-11-14T18:38:36.671+0000] {processor.py:925} INFO - DAG(s) 'Medium_to_Pinecone' retrieved from /opt/airflow/dags/medium_post_search.py
[2025-11-14T18:38:36.686+0000] {logging_mixin.py:190} INFO - [2025-11-14T18:38:36.686+0000] {dag.py:3229} INFO - Sync 1 DAGs
[2025-11-14T18:38:36.700+0000] {logging_mixin.py:190} INFO - [2025-11-14T18:38:36.700+0000] {dag.py:4156} INFO - Setting next_dagrun for Medium_to_Pinecone to 2025-11-13 00:00:00+00:00, run_after=2025-11-20 00:00:00+00:00
[2025-11-14T18:38:36.720+0000] {processor.py:208} INFO - Processing /opt/airflow/dags/medium_post_search.py took 3.453 seconds
[2025-11-14T18:39:07.406+0000] {processor.py:186} INFO - Started process (PID=1158) to work on /opt/airflow/dags/medium_post_search.py
[2025-11-14T18:39:07.406+0000] {processor.py:914} INFO - Processing file /opt/airflow/dags/medium_post_search.py for tasks to queue
[2025-11-14T18:39:07.408+0000] {logging_mixin.py:190} INFO - [2025-11-14T18:39:07.408+0000] {dagbag.py:587} INFO - Filling up the DagBag from /opt/airflow/dags/medium_post_search.py
[2025-11-14T18:39:10.821+0000] {logging_mixin.py:190} INFO - {{ task_instance.xcom_pull(task_ids='preprocess_data', dag_id='Medium_to_Pinecone', key='return_value') }}
[2025-11-14T18:39:10.824+0000] {processor.py:925} INFO - DAG(s) 'Medium_to_Pinecone' retrieved from /opt/airflow/dags/medium_post_search.py
[2025-11-14T18:39:10.841+0000] {logging_mixin.py:190} INFO - [2025-11-14T18:39:10.840+0000] {dag.py:3229} INFO - Sync 1 DAGs
[2025-11-14T18:39:10.854+0000] {logging_mixin.py:190} INFO - [2025-11-14T18:39:10.854+0000] {dag.py:4156} INFO - Setting next_dagrun for Medium_to_Pinecone to 2025-11-13 00:00:00+00:00, run_after=2025-11-20 00:00:00+00:00
[2025-11-14T18:39:10.875+0000] {processor.py:208} INFO - Processing /opt/airflow/dags/medium_post_search.py took 3.473 seconds
[2025-11-14T18:39:41.218+0000] {processor.py:186} INFO - Started process (PID=1191) to work on /opt/airflow/dags/medium_post_search.py
[2025-11-14T18:39:41.218+0000] {processor.py:914} INFO - Processing file /opt/airflow/dags/medium_post_search.py for tasks to queue
[2025-11-14T18:39:41.221+0000] {logging_mixin.py:190} INFO - [2025-11-14T18:39:41.220+0000] {dagbag.py:587} INFO - Filling up the DagBag from /opt/airflow/dags/medium_post_search.py
[2025-11-14T18:39:44.603+0000] {logging_mixin.py:190} INFO - {{ task_instance.xcom_pull(task_ids='preprocess_data', dag_id='Medium_to_Pinecone', key='return_value') }}
[2025-11-14T18:39:44.606+0000] {processor.py:925} INFO - DAG(s) 'Medium_to_Pinecone' retrieved from /opt/airflow/dags/medium_post_search.py
[2025-11-14T18:39:44.624+0000] {logging_mixin.py:190} INFO - [2025-11-14T18:39:44.624+0000] {dag.py:3229} INFO - Sync 1 DAGs
[2025-11-14T18:39:44.637+0000] {logging_mixin.py:190} INFO - [2025-11-14T18:39:44.637+0000] {dag.py:4156} INFO - Setting next_dagrun for Medium_to_Pinecone to 2025-11-13 00:00:00+00:00, run_after=2025-11-20 00:00:00+00:00
[2025-11-14T18:39:44.657+0000] {processor.py:208} INFO - Processing /opt/airflow/dags/medium_post_search.py took 3.444 seconds
[2025-11-14T18:40:14.971+0000] {processor.py:186} INFO - Started process (PID=1224) to work on /opt/airflow/dags/medium_post_search.py
[2025-11-14T18:40:14.972+0000] {processor.py:914} INFO - Processing file /opt/airflow/dags/medium_post_search.py for tasks to queue
[2025-11-14T18:40:14.973+0000] {logging_mixin.py:190} INFO - [2025-11-14T18:40:14.973+0000] {dagbag.py:587} INFO - Filling up the DagBag from /opt/airflow/dags/medium_post_search.py
[2025-11-14T18:40:18.412+0000] {logging_mixin.py:190} INFO - {{ task_instance.xcom_pull(task_ids='preprocess_data', dag_id='Medium_to_Pinecone', key='return_value') }}
[2025-11-14T18:40:18.415+0000] {processor.py:925} INFO - DAG(s) 'Medium_to_Pinecone' retrieved from /opt/airflow/dags/medium_post_search.py
[2025-11-14T18:40:18.432+0000] {logging_mixin.py:190} INFO - [2025-11-14T18:40:18.432+0000] {dag.py:3229} INFO - Sync 1 DAGs
[2025-11-14T18:40:18.446+0000] {logging_mixin.py:190} INFO - [2025-11-14T18:40:18.446+0000] {dag.py:4156} INFO - Setting next_dagrun for Medium_to_Pinecone to 2025-11-13 00:00:00+00:00, run_after=2025-11-20 00:00:00+00:00
[2025-11-14T18:40:18.465+0000] {processor.py:208} INFO - Processing /opt/airflow/dags/medium_post_search.py took 3.499 seconds
[2025-11-14T18:40:49.179+0000] {processor.py:186} INFO - Started process (PID=1257) to work on /opt/airflow/dags/medium_post_search.py
[2025-11-14T18:40:49.180+0000] {processor.py:914} INFO - Processing file /opt/airflow/dags/medium_post_search.py for tasks to queue
[2025-11-14T18:40:49.184+0000] {logging_mixin.py:190} INFO - [2025-11-14T18:40:49.183+0000] {dagbag.py:587} INFO - Filling up the DagBag from /opt/airflow/dags/medium_post_search.py
[2025-11-14T18:40:52.965+0000] {logging_mixin.py:190} INFO - {{ task_instance.xcom_pull(task_ids='preprocess_data', dag_id='Medium_to_Pinecone', key='return_value') }}
[2025-11-14T18:40:52.969+0000] {processor.py:925} INFO - DAG(s) 'Medium_to_Pinecone' retrieved from /opt/airflow/dags/medium_post_search.py
[2025-11-14T18:40:52.988+0000] {logging_mixin.py:190} INFO - [2025-11-14T18:40:52.987+0000] {dag.py:3229} INFO - Sync 1 DAGs
[2025-11-14T18:40:53.005+0000] {logging_mixin.py:190} INFO - [2025-11-14T18:40:53.005+0000] {dag.py:4156} INFO - Setting next_dagrun for Medium_to_Pinecone to 2025-11-13 00:00:00+00:00, run_after=2025-11-20 00:00:00+00:00
[2025-11-14T18:40:53.020+0000] {processor.py:208} INFO - Processing /opt/airflow/dags/medium_post_search.py took 3.845 seconds
[2025-11-14T18:41:23.785+0000] {processor.py:186} INFO - Started process (PID=1296) to work on /opt/airflow/dags/medium_post_search.py
[2025-11-14T18:41:23.786+0000] {processor.py:914} INFO - Processing file /opt/airflow/dags/medium_post_search.py for tasks to queue
[2025-11-14T18:41:23.788+0000] {logging_mixin.py:190} INFO - [2025-11-14T18:41:23.788+0000] {dagbag.py:587} INFO - Filling up the DagBag from /opt/airflow/dags/medium_post_search.py
[2025-11-14T18:41:27.286+0000] {logging_mixin.py:190} INFO - {{ task_instance.xcom_pull(task_ids='preprocess_data', dag_id='Medium_to_Pinecone', key='return_value') }}
[2025-11-14T18:41:27.289+0000] {processor.py:925} INFO - DAG(s) 'Medium_to_Pinecone' retrieved from /opt/airflow/dags/medium_post_search.py
[2025-11-14T18:41:27.306+0000] {logging_mixin.py:190} INFO - [2025-11-14T18:41:27.305+0000] {dag.py:3229} INFO - Sync 1 DAGs
[2025-11-14T18:41:27.321+0000] {logging_mixin.py:190} INFO - [2025-11-14T18:41:27.321+0000] {dag.py:4156} INFO - Setting next_dagrun for Medium_to_Pinecone to 2025-11-13 00:00:00+00:00, run_after=2025-11-20 00:00:00+00:00
[2025-11-14T18:41:27.334+0000] {processor.py:208} INFO - Processing /opt/airflow/dags/medium_post_search.py took 3.554 seconds
[2025-11-14T18:41:57.653+0000] {processor.py:186} INFO - Started process (PID=1328) to work on /opt/airflow/dags/medium_post_search.py
[2025-11-14T18:41:57.654+0000] {processor.py:914} INFO - Processing file /opt/airflow/dags/medium_post_search.py for tasks to queue
[2025-11-14T18:41:57.655+0000] {logging_mixin.py:190} INFO - [2025-11-14T18:41:57.655+0000] {dagbag.py:587} INFO - Filling up the DagBag from /opt/airflow/dags/medium_post_search.py
[2025-11-14T18:42:01.173+0000] {logging_mixin.py:190} INFO - {{ task_instance.xcom_pull(task_ids='preprocess_data', dag_id='Medium_to_Pinecone', key='return_value') }}
[2025-11-14T18:42:01.175+0000] {processor.py:925} INFO - DAG(s) 'Medium_to_Pinecone' retrieved from /opt/airflow/dags/medium_post_search.py
[2025-11-14T18:42:01.192+0000] {logging_mixin.py:190} INFO - [2025-11-14T18:42:01.192+0000] {dag.py:3229} INFO - Sync 1 DAGs
[2025-11-14T18:42:01.206+0000] {logging_mixin.py:190} INFO - [2025-11-14T18:42:01.206+0000] {dag.py:4156} INFO - Setting next_dagrun for Medium_to_Pinecone to 2025-11-13 00:00:00+00:00, run_after=2025-11-20 00:00:00+00:00
[2025-11-14T18:42:01.218+0000] {processor.py:208} INFO - Processing /opt/airflow/dags/medium_post_search.py took 3.570 seconds
[2025-11-14T18:42:31.838+0000] {processor.py:186} INFO - Started process (PID=1361) to work on /opt/airflow/dags/medium_post_search.py
[2025-11-14T18:42:31.838+0000] {processor.py:914} INFO - Processing file /opt/airflow/dags/medium_post_search.py for tasks to queue
[2025-11-14T18:42:31.840+0000] {logging_mixin.py:190} INFO - [2025-11-14T18:42:31.840+0000] {dagbag.py:587} INFO - Filling up the DagBag from /opt/airflow/dags/medium_post_search.py
[2025-11-14T18:42:35.293+0000] {logging_mixin.py:190} INFO - {{ task_instance.xcom_pull(task_ids='preprocess_data', dag_id='Medium_to_Pinecone', key='return_value') }}
[2025-11-14T18:42:35.296+0000] {processor.py:925} INFO - DAG(s) 'Medium_to_Pinecone' retrieved from /opt/airflow/dags/medium_post_search.py
[2025-11-14T18:42:35.312+0000] {logging_mixin.py:190} INFO - [2025-11-14T18:42:35.311+0000] {dag.py:3229} INFO - Sync 1 DAGs
[2025-11-14T18:42:35.329+0000] {logging_mixin.py:190} INFO - [2025-11-14T18:42:35.329+0000] {dag.py:4156} INFO - Setting next_dagrun for Medium_to_Pinecone to 2025-11-13 00:00:00+00:00, run_after=2025-11-20 00:00:00+00:00
[2025-11-14T18:42:35.345+0000] {processor.py:208} INFO - Processing /opt/airflow/dags/medium_post_search.py took 3.511 seconds
[2025-11-14T18:43:05.630+0000] {processor.py:186} INFO - Started process (PID=1394) to work on /opt/airflow/dags/medium_post_search.py
[2025-11-14T18:43:05.631+0000] {processor.py:914} INFO - Processing file /opt/airflow/dags/medium_post_search.py for tasks to queue
[2025-11-14T18:43:05.633+0000] {logging_mixin.py:190} INFO - [2025-11-14T18:43:05.633+0000] {dagbag.py:587} INFO - Filling up the DagBag from /opt/airflow/dags/medium_post_search.py
[2025-11-14T18:43:09.335+0000] {logging_mixin.py:190} INFO - {{ task_instance.xcom_pull(task_ids='preprocess_data', dag_id='Medium_to_Pinecone', key='return_value') }}
[2025-11-14T18:43:09.338+0000] {processor.py:925} INFO - DAG(s) 'Medium_to_Pinecone' retrieved from /opt/airflow/dags/medium_post_search.py
[2025-11-14T18:43:09.358+0000] {logging_mixin.py:190} INFO - [2025-11-14T18:43:09.357+0000] {dag.py:3229} INFO - Sync 1 DAGs
[2025-11-14T18:43:09.377+0000] {logging_mixin.py:190} INFO - [2025-11-14T18:43:09.377+0000] {dag.py:4156} INFO - Setting next_dagrun for Medium_to_Pinecone to 2025-11-13 00:00:00+00:00, run_after=2025-11-20 00:00:00+00:00
[2025-11-14T18:43:09.395+0000] {processor.py:208} INFO - Processing /opt/airflow/dags/medium_post_search.py took 3.769 seconds
[2025-11-14T18:43:39.817+0000] {processor.py:186} INFO - Started process (PID=1427) to work on /opt/airflow/dags/medium_post_search.py
[2025-11-14T18:43:39.818+0000] {processor.py:914} INFO - Processing file /opt/airflow/dags/medium_post_search.py for tasks to queue
[2025-11-14T18:43:39.820+0000] {logging_mixin.py:190} INFO - [2025-11-14T18:43:39.820+0000] {dagbag.py:587} INFO - Filling up the DagBag from /opt/airflow/dags/medium_post_search.py
[2025-11-14T18:43:43.314+0000] {logging_mixin.py:190} INFO - {{ task_instance.xcom_pull(task_ids='preprocess_data', dag_id='Medium_to_Pinecone', key='return_value') }}
[2025-11-14T18:43:43.317+0000] {processor.py:925} INFO - DAG(s) 'Medium_to_Pinecone' retrieved from /opt/airflow/dags/medium_post_search.py
[2025-11-14T18:43:43.336+0000] {logging_mixin.py:190} INFO - [2025-11-14T18:43:43.335+0000] {dag.py:3229} INFO - Sync 1 DAGs
[2025-11-14T18:43:43.353+0000] {logging_mixin.py:190} INFO - [2025-11-14T18:43:43.353+0000] {dag.py:4156} INFO - Setting next_dagrun for Medium_to_Pinecone to 2025-11-13 00:00:00+00:00, run_after=2025-11-20 00:00:00+00:00
[2025-11-14T18:43:43.374+0000] {processor.py:208} INFO - Processing /opt/airflow/dags/medium_post_search.py took 3.563 seconds
[2025-11-14T18:44:14.003+0000] {processor.py:186} INFO - Started process (PID=1460) to work on /opt/airflow/dags/medium_post_search.py
[2025-11-14T18:44:14.003+0000] {processor.py:914} INFO - Processing file /opt/airflow/dags/medium_post_search.py for tasks to queue
[2025-11-14T18:44:14.005+0000] {logging_mixin.py:190} INFO - [2025-11-14T18:44:14.005+0000] {dagbag.py:587} INFO - Filling up the DagBag from /opt/airflow/dags/medium_post_search.py
[2025-11-14T18:44:18.064+0000] {logging_mixin.py:190} INFO - {{ task_instance.xcom_pull(task_ids='preprocess_data', dag_id='Medium_to_Pinecone', key='return_value') }}
[2025-11-14T18:44:18.067+0000] {processor.py:925} INFO - DAG(s) 'Medium_to_Pinecone' retrieved from /opt/airflow/dags/medium_post_search.py
[2025-11-14T18:44:18.084+0000] {logging_mixin.py:190} INFO - [2025-11-14T18:44:18.084+0000] {dag.py:3229} INFO - Sync 1 DAGs
[2025-11-14T18:44:18.098+0000] {logging_mixin.py:190} INFO - [2025-11-14T18:44:18.098+0000] {dag.py:4156} INFO - Setting next_dagrun for Medium_to_Pinecone to 2025-11-13 00:00:00+00:00, run_after=2025-11-20 00:00:00+00:00
[2025-11-14T18:44:18.117+0000] {processor.py:208} INFO - Processing /opt/airflow/dags/medium_post_search.py took 3.568 seconds
[2025-11-14T18:44:48.285+0000] {processor.py:186} INFO - Started process (PID=1493) to work on /opt/airflow/dags/medium_post_search.py
[2025-11-14T18:44:48.286+0000] {processor.py:914} INFO - Processing file /opt/airflow/dags/medium_post_search.py for tasks to queue
[2025-11-14T18:44:48.288+0000] {logging_mixin.py:190} INFO - [2025-11-14T18:44:48.288+0000] {dagbag.py:587} INFO - Filling up the DagBag from /opt/airflow/dags/medium_post_search.py
[2025-11-14T18:44:53.540+0000] {logging_mixin.py:190} INFO - {{ task_instance.xcom_pull(task_ids='preprocess_data', dag_id='Medium_to_Pinecone', key='return_value') }}
[2025-11-14T18:44:53.542+0000] {processor.py:925} INFO - DAG(s) 'Medium_to_Pinecone' retrieved from /opt/airflow/dags/medium_post_search.py
[2025-11-14T18:44:53.560+0000] {logging_mixin.py:190} INFO - [2025-11-14T18:44:53.559+0000] {dag.py:3229} INFO - Sync 1 DAGs
[2025-11-14T18:44:53.573+0000] {logging_mixin.py:190} INFO - [2025-11-14T18:44:53.573+0000] {dag.py:4156} INFO - Setting next_dagrun for Medium_to_Pinecone to 2025-11-13 00:00:00+00:00, run_after=2025-11-20 00:00:00+00:00
[2025-11-14T18:44:53.588+0000] {processor.py:208} INFO - Processing /opt/airflow/dags/medium_post_search.py took 3.762 seconds
[2025-11-14T18:45:24.270+0000] {processor.py:186} INFO - Started process (PID=1526) to work on /opt/airflow/dags/medium_post_search.py
[2025-11-14T18:45:24.271+0000] {processor.py:914} INFO - Processing file /opt/airflow/dags/medium_post_search.py for tasks to queue
[2025-11-14T18:45:24.273+0000] {logging_mixin.py:190} INFO - [2025-11-14T18:45:24.273+0000] {dagbag.py:587} INFO - Filling up the DagBag from /opt/airflow/dags/medium_post_search.py
[2025-11-14T18:45:27.797+0000] {logging_mixin.py:190} INFO - {{ task_instance.xcom_pull(task_ids='preprocess_data', dag_id='Medium_to_Pinecone', key='return_value') }}
[2025-11-14T18:45:27.800+0000] {processor.py:925} INFO - DAG(s) 'Medium_to_Pinecone' retrieved from /opt/airflow/dags/medium_post_search.py
[2025-11-14T18:45:27.817+0000] {logging_mixin.py:190} INFO - [2025-11-14T18:45:27.816+0000] {dag.py:3229} INFO - Sync 1 DAGs
[2025-11-14T18:45:27.831+0000] {logging_mixin.py:190} INFO - [2025-11-14T18:45:27.830+0000] {dag.py:4156} INFO - Setting next_dagrun for Medium_to_Pinecone to 2025-11-13 00:00:00+00:00, run_after=2025-11-20 00:00:00+00:00
[2025-11-14T18:45:27.844+0000] {processor.py:208} INFO - Processing /opt/airflow/dags/medium_post_search.py took 3.578 seconds
[2025-11-14T18:45:58.157+0000] {processor.py:186} INFO - Started process (PID=1559) to work on /opt/airflow/dags/medium_post_search.py
[2025-11-14T18:45:58.159+0000] {processor.py:914} INFO - Processing file /opt/airflow/dags/medium_post_search.py for tasks to queue
[2025-11-14T18:45:58.161+0000] {logging_mixin.py:190} INFO - [2025-11-14T18:45:58.160+0000] {dagbag.py:587} INFO - Filling up the DagBag from /opt/airflow/dags/medium_post_search.py
[2025-11-14T18:46:01.760+0000] {logging_mixin.py:190} INFO - {{ task_instance.xcom_pull(task_ids='preprocess_data', dag_id='Medium_to_Pinecone', key='return_value') }}
[2025-11-14T18:46:01.762+0000] {processor.py:925} INFO - DAG(s) 'Medium_to_Pinecone' retrieved from /opt/airflow/dags/medium_post_search.py
[2025-11-14T18:46:01.780+0000] {logging_mixin.py:190} INFO - [2025-11-14T18:46:01.779+0000] {dag.py:3229} INFO - Sync 1 DAGs
[2025-11-14T18:46:01.794+0000] {logging_mixin.py:190} INFO - [2025-11-14T18:46:01.793+0000] {dag.py:4156} INFO - Setting next_dagrun for Medium_to_Pinecone to 2025-11-13 00:00:00+00:00, run_after=2025-11-20 00:00:00+00:00
[2025-11-14T18:46:01.806+0000] {processor.py:208} INFO - Processing /opt/airflow/dags/medium_post_search.py took 3.654 seconds
