[2025-11-06T21:23:50.469+0000] {local_task_job_runner.py:123} INFO - ::group::Pre task execution logs
[2025-11-06T21:23:50.487+0000] {taskinstance.py:2612} INFO - Dependencies all met for dep_context=non-requeueable deps ti=<TaskInstance: Medium_to_Pinecone.create_pinecone_index scheduled__2025-10-30T00:00:00+00:00 [queued]>
[2025-11-06T21:23:50.493+0000] {taskinstance.py:2612} INFO - Dependencies all met for dep_context=requeueable deps ti=<TaskInstance: Medium_to_Pinecone.create_pinecone_index scheduled__2025-10-30T00:00:00+00:00 [queued]>
[2025-11-06T21:23:50.497+0000] {taskinstance.py:2865} INFO - Starting attempt 1 of 2
[2025-11-06T21:23:50.512+0000] {taskinstance.py:2888} INFO - Executing <Task(_PythonDecoratedOperator): create_pinecone_index> on 2025-10-30 00:00:00+00:00
[2025-11-06T21:23:50.527+0000] {standard_task_runner.py:104} INFO - Running: ['***', 'tasks', 'run', 'Medium_to_Pinecone', 'create_pinecone_index', 'scheduled__2025-10-30T00:00:00+00:00', '--job-id', '4', '--raw', '--subdir', 'DAGS_FOLDER/medium_post_search.py', '--cfg-path', '/tmp/tmpn9li8242']
[2025-11-06T21:23:50.531+0000] {standard_task_runner.py:105} INFO - Job 4: Subtask create_pinecone_index
[2025-11-06T21:23:50.531+0000] {logging_mixin.py:190} WARNING - /home/***/.local/lib/python3.12/site-packages/***/task/task_runner/standard_task_runner.py:70 DeprecationWarning: This process (pid=1001) is multi-threaded, use of fork() may lead to deadlocks in the child.
[2025-11-06T21:23:50.532+0000] {standard_task_runner.py:72} INFO - Started process 1097 to run task
[2025-11-06T21:23:50.580+0000] {task_command.py:467} INFO - Running <TaskInstance: Medium_to_Pinecone.create_pinecone_index scheduled__2025-10-30T00:00:00+00:00 [running]> on host 1b188de9cc75
[2025-11-06T21:23:50.653+0000] {taskinstance.py:3131} INFO - Exporting env vars: AIRFLOW_CTX_DAG_OWNER='***' AIRFLOW_CTX_DAG_ID='Medium_to_Pinecone' AIRFLOW_CTX_TASK_ID='create_pinecone_index' AIRFLOW_CTX_EXECUTION_DATE='2025-10-30T00:00:00+00:00' AIRFLOW_CTX_TRY_NUMBER='1' AIRFLOW_CTX_DAG_RUN_ID='scheduled__2025-10-30T00:00:00+00:00'
[2025-11-06T21:23:50.655+0000] {taskinstance.py:731} INFO - ::endgroup::
[2025-11-06T22:23:11.306+0000] {job.py:229} INFO - Heartbeat recovered after 1666.56 seconds
[2025-11-06T22:24:08.894+0000] {local_task_job_runner.py:346} WARNING - State of this instance has been externally set to up_for_retry. Terminating instance.
[2025-11-06T22:24:08.897+0000] {local_task_job_runner.py:245} INFO - ::endgroup::
[2025-11-06T22:24:08.899+0000] {process_utils.py:132} INFO - Sending 15 to group 1097. PIDs of all processes in the group: [1097]
[2025-11-06T22:24:08.900+0000] {process_utils.py:87} INFO - Sending the signal 15 to group 1097
[2025-11-06T22:24:08.901+0000] {taskinstance.py:3092} ERROR - Received SIGTERM. Terminating subprocesses.
[2025-11-06T22:24:08.914+0000] {taskinstance.py:3310} ERROR - Task failed with exception
Traceback (most recent call last):
  File "/home/airflow/.local/lib/python3.12/site-packages/airflow/models/taskinstance.py", line 767, in _execute_task
    result = _execute_callable(context=context, **execute_callable_kwargs)
             ^^^^^^^^^^^^^^^^^^^^^^^^^^^^^^^^^^^^^^^^^^^^^^^^^^^^^^^^^^^^^
  File "/home/airflow/.local/lib/python3.12/site-packages/airflow/models/taskinstance.py", line 733, in _execute_callable
    return ExecutionCallableRunner(
           ^^^^^^^^^^^^^^^^^^^^^^^^
  File "/home/airflow/.local/lib/python3.12/site-packages/airflow/utils/operator_helpers.py", line 252, in run
    return self.func(*args, **kwargs)
           ^^^^^^^^^^^^^^^^^^^^^^^^^^
  File "/home/airflow/.local/lib/python3.12/site-packages/airflow/models/baseoperator.py", line 406, in wrapper
    return func(self, *args, **kwargs)
           ^^^^^^^^^^^^^^^^^^^^^^^^^^^
  File "/home/airflow/.local/lib/python3.12/site-packages/airflow/decorators/base.py", line 266, in execute
    return_value = super().execute(context)
                   ^^^^^^^^^^^^^^^^^^^^^^^^
  File "/home/airflow/.local/lib/python3.12/site-packages/airflow/models/baseoperator.py", line 406, in wrapper
    return func(self, *args, **kwargs)
           ^^^^^^^^^^^^^^^^^^^^^^^^^^^
  File "/home/airflow/.local/lib/python3.12/site-packages/airflow/operators/python.py", line 238, in execute
    return_value = self.execute_callable()
                   ^^^^^^^^^^^^^^^^^^^^^^^
  File "/home/airflow/.local/lib/python3.12/site-packages/airflow/operators/python.py", line 256, in execute_callable
    return runner.run(*self.op_args, **self.op_kwargs)
           ^^^^^^^^^^^^^^^^^^^^^^^^^^^^^^^^^^^^^^^^^^^
  File "/home/airflow/.local/lib/python3.12/site-packages/airflow/utils/operator_helpers.py", line 252, in run
    return self.func(*args, **kwargs)
           ^^^^^^^^^^^^^^^^^^^^^^^^^^
  File "/opt/airflow/dags/medium_post_search.py", line 96, in create_pinecone_index
    pc.delete_index(index_name)
  File "/home/airflow/.local/lib/python3.12/site-packages/pinecone/pinecone.py", line 384, in delete_index
    return self.db.index.delete(name=name, timeout=timeout)
           ^^^^^^^^^^^^^^^^^^^^^^^^^^^^^^^^^^^^^^^^^^^^^^^^
  File "/home/airflow/.local/lib/python3.12/site-packages/pinecone/utils/require_kwargs.py", line 14, in wrapper
    return func(*args, **kwargs)
           ^^^^^^^^^^^^^^^^^^^^^
  File "/home/airflow/.local/lib/python3.12/site-packages/pinecone/db_control/resources/sync/index.py", line 184, in delete
    time.sleep(5)
  File "/home/airflow/.local/lib/python3.12/site-packages/airflow/models/taskinstance.py", line 3094, in signal_handler
    raise AirflowTaskTerminated("Task received SIGTERM signal")
airflow.exceptions.AirflowTaskTerminated: Task received SIGTERM signal
[2025-11-06T22:24:08.926+0000] {taskinstance.py:1225} INFO - Marking task as UP_FOR_RETRY. dag_id=Medium_to_Pinecone, task_id=create_pinecone_index, run_id=scheduled__2025-10-30T00:00:00+00:00, execution_date=20251030T000000, start_date=20251106T212350, end_date=20251106T222408
[2025-11-06T22:24:08.944+0000] {taskinstance.py:340} INFO - ::group::Post task execution logs
[2025-11-06T22:24:08.993+0000] {process_utils.py:80} INFO - Process psutil.Process(pid=1097, status='terminated', exitcode=2, started='21:23:50') (1097) terminated with exit code 2
