[2025-11-06T21:01:23.405+0000] {manager.py:486} INFO - Processing files using up to 2 processes at a time 
[2025-11-06T21:01:23.407+0000] {manager.py:487} INFO - Process each file at most once every 30 seconds
[2025-11-06T21:01:23.408+0000] {manager.py:488} INFO - Checking for new files in /opt/airflow/dags every 300 seconds
[2025-11-06T21:01:23.408+0000] {manager.py:832} INFO - Searching for files in /opt/airflow/dags
[2025-11-06T21:01:23.428+0000] {manager.py:835} INFO - There are 1 files in /opt/airflow/dags
[2025-11-06T21:01:23.563+0000] {manager.py:1008} INFO - 
================================================================================
DAG File Processing Stats

File Path                                  PID  Runtime      # DAGs    # Errors  Last Runtime    Last Run      Last # of DB Queries
---------------------------------------  -----  ---------  --------  ----------  --------------  ----------  ----------------------
/opt/airflow/dags/medium_post_search.py    355  0.03s             0           0                                                   0
================================================================================
[2025-11-06T21:01:56.029+0000] {manager.py:1008} INFO - 
================================================================================
DAG File Processing Stats

File Path                                PID    Runtime      # DAGs    # Errors  Last Runtime    Last Run               Last # of DB Queries
---------------------------------------  -----  ---------  --------  ----------  --------------  -------------------  ----------------------
/opt/airflow/dags/medium_post_search.py                           0           1  10.85s          2025-11-06T21:01:34                       3
================================================================================
[2025-11-06T21:02:28.795+0000] {manager.py:1008} INFO - 
================================================================================
DAG File Processing Stats

File Path                                PID    Runtime      # DAGs    # Errors  Last Runtime    Last Run               Last # of DB Queries
---------------------------------------  -----  ---------  --------  ----------  --------------  -------------------  ----------------------
/opt/airflow/dags/medium_post_search.py                           0           1  6.49s           2025-11-06T21:02:11                       5
================================================================================
[2025-11-06T21:03:01.301+0000] {manager.py:1008} INFO - 
================================================================================
DAG File Processing Stats

File Path                                PID    Runtime      # DAGs    # Errors  Last Runtime    Last Run               Last # of DB Queries
---------------------------------------  -----  ---------  --------  ----------  --------------  -------------------  ----------------------
/opt/airflow/dags/medium_post_search.py                           0           1  6.11s           2025-11-06T21:02:47                       5
================================================================================
[2025-11-06T21:03:33.987+0000] {manager.py:1008} INFO - 
================================================================================
DAG File Processing Stats

File Path                                PID    Runtime      # DAGs    # Errors  Last Runtime    Last Run               Last # of DB Queries
---------------------------------------  -----  ---------  --------  ----------  --------------  -------------------  ----------------------
/opt/airflow/dags/medium_post_search.py                           0           1  6.59s           2025-11-06T21:03:24                       5
================================================================================
[2025-11-06T21:04:07.324+0000] {manager.py:1008} INFO - 
================================================================================
DAG File Processing Stats

File Path                                PID    Runtime      # DAGs    # Errors  Last Runtime    Last Run               Last # of DB Queries
---------------------------------------  -----  ---------  --------  ----------  --------------  -------------------  ----------------------
/opt/airflow/dags/medium_post_search.py                           0           1  6.83s           2025-11-06T21:04:01                       5
================================================================================
[2025-11-06T21:05:51.976+0000] {manager.py:486} INFO - Processing files using up to 2 processes at a time 
[2025-11-06T21:05:51.977+0000] {manager.py:487} INFO - Process each file at most once every 30 seconds
[2025-11-06T21:05:51.978+0000] {manager.py:488} INFO - Checking for new files in /opt/airflow/dags every 300 seconds
[2025-11-06T21:05:51.978+0000] {manager.py:832} INFO - Searching for files in /opt/airflow/dags
[2025-11-06T21:05:52.015+0000] {manager.py:835} INFO - There are 1 files in /opt/airflow/dags
[2025-11-06T21:05:52.101+0000] {manager.py:1008} INFO - 
================================================================================
DAG File Processing Stats

File Path                                  PID  Runtime      # DAGs    # Errors  Last Runtime    Last Run      Last # of DB Queries
---------------------------------------  -----  ---------  --------  ----------  --------------  ----------  ----------------------
/opt/airflow/dags/medium_post_search.py    210  0.02s             0           0                                                   0
================================================================================
[2025-11-06T21:06:24.689+0000] {manager.py:1008} INFO - 
================================================================================
DAG File Processing Stats

File Path                                PID    Runtime      # DAGs    # Errors  Last Runtime    Last Run               Last # of DB Queries
---------------------------------------  -----  ---------  --------  ----------  --------------  -------------------  ----------------------
/opt/airflow/dags/medium_post_search.py                           0           1  5.51s           2025-11-06T21:05:57                       5
================================================================================
[2025-11-06T21:06:57.239+0000] {manager.py:1008} INFO - 
================================================================================
DAG File Processing Stats

File Path                                PID    Runtime      # DAGs    # Errors  Last Runtime    Last Run               Last # of DB Queries
---------------------------------------  -----  ---------  --------  ----------  --------------  -------------------  ----------------------
/opt/airflow/dags/medium_post_search.py                           0           1  5.99s           2025-11-06T21:06:33                       5
================================================================================
[2025-11-06T21:12:39.043+0000] {manager.py:486} INFO - Processing files using up to 2 processes at a time 
[2025-11-06T21:12:39.045+0000] {manager.py:487} INFO - Process each file at most once every 30 seconds
[2025-11-06T21:12:39.046+0000] {manager.py:488} INFO - Checking for new files in /opt/airflow/dags every 300 seconds
[2025-11-06T21:12:39.046+0000] {manager.py:832} INFO - Searching for files in /opt/airflow/dags
[2025-11-06T21:12:39.073+0000] {manager.py:835} INFO - There are 1 files in /opt/airflow/dags
[2025-11-06T21:12:39.192+0000] {manager.py:1008} INFO - 
================================================================================
DAG File Processing Stats

File Path                                  PID  Runtime      # DAGs    # Errors  Last Runtime    Last Run      Last # of DB Queries
---------------------------------------  -----  ---------  --------  ----------  --------------  ----------  ----------------------
/opt/airflow/dags/medium_post_search.py    356  0.03s             0           0                                                   0
================================================================================
[2025-11-06T21:13:11.931+0000] {manager.py:1008} INFO - 
================================================================================
DAG File Processing Stats

File Path                                PID    Runtime      # DAGs    # Errors  Last Runtime    Last Run               Last # of DB Queries
---------------------------------------  -----  ---------  --------  ----------  --------------  -------------------  ----------------------
/opt/airflow/dags/medium_post_search.py                           1           0  9.53s           2025-11-06T21:12:48                      45
================================================================================
[2025-11-06T21:13:44.813+0000] {manager.py:1008} INFO - 
================================================================================
DAG File Processing Stats

File Path                                PID    Runtime      # DAGs    # Errors  Last Runtime    Last Run               Last # of DB Queries
---------------------------------------  -----  ---------  --------  ----------  --------------  -------------------  ----------------------
/opt/airflow/dags/medium_post_search.py                           1           0  6.45s           2025-11-06T21:13:25                      12
================================================================================
[2025-11-06T21:14:17.364+0000] {manager.py:1008} INFO - 
================================================================================
DAG File Processing Stats

File Path                                PID    Runtime      # DAGs    # Errors  Last Runtime    Last Run               Last # of DB Queries
---------------------------------------  -----  ---------  --------  ----------  --------------  -------------------  ----------------------
/opt/airflow/dags/medium_post_search.py                           1           0  5.84s           2025-11-06T21:14:02                      12
================================================================================
[2025-11-06T21:14:50.151+0000] {manager.py:1008} INFO - 
================================================================================
DAG File Processing Stats

File Path                                PID    Runtime      # DAGs    # Errors  Last Runtime    Last Run               Last # of DB Queries
---------------------------------------  -----  ---------  --------  ----------  --------------  -------------------  ----------------------
/opt/airflow/dags/medium_post_search.py                           1           0  5.69s           2025-11-06T21:14:38                      12
================================================================================
[2025-11-06T21:15:23.072+0000] {manager.py:1008} INFO - 
================================================================================
DAG File Processing Stats

File Path                                PID    Runtime      # DAGs    # Errors  Last Runtime    Last Run               Last # of DB Queries
---------------------------------------  -----  ---------  --------  ----------  --------------  -------------------  ----------------------
/opt/airflow/dags/medium_post_search.py                           1           0  6.26s           2025-11-06T21:15:15                      12
================================================================================
[2025-11-06T21:15:55.861+0000] {manager.py:1008} INFO - 
================================================================================
DAG File Processing Stats

File Path                                PID    Runtime      # DAGs    # Errors  Last Runtime    Last Run               Last # of DB Queries
---------------------------------------  -----  ---------  --------  ----------  --------------  -------------------  ----------------------
/opt/airflow/dags/medium_post_search.py                           1           0  6.12s           2025-11-06T21:15:51                      12
================================================================================
[2025-11-06T21:16:28.633+0000] {manager.py:1008} INFO - 
================================================================================
DAG File Processing Stats

File Path                                  PID  Runtime      # DAGs    # Errors  Last Runtime    Last Run               Last # of DB Queries
---------------------------------------  -----  ---------  --------  ----------  --------------  -------------------  ----------------------
/opt/airflow/dags/medium_post_search.py    592  6.07s             1           0  6.12s           2025-11-06T21:15:51                      12
================================================================================
[2025-11-06T21:17:01.139+0000] {manager.py:1008} INFO - 
================================================================================
DAG File Processing Stats

File Path                                  PID  Runtime      # DAGs    # Errors  Last Runtime    Last Run               Last # of DB Queries
---------------------------------------  -----  ---------  --------  ----------  --------------  -------------------  ----------------------
/opt/airflow/dags/medium_post_search.py    625  1.74s             1           0  6.81s           2025-11-06T21:16:29                      12
================================================================================
[2025-11-06T21:17:33.734+0000] {manager.py:1008} INFO - 
================================================================================
DAG File Processing Stats

File Path                                PID    Runtime      # DAGs    # Errors  Last Runtime    Last Run               Last # of DB Queries
---------------------------------------  -----  ---------  --------  ----------  --------------  -------------------  ----------------------
/opt/airflow/dags/medium_post_search.py                           1           0  9.02s           2025-11-06T21:17:08                      12
================================================================================
[2025-11-06T21:17:39.253+0000] {manager.py:832} INFO - Searching for files in /opt/airflow/dags
[2025-11-06T21:17:39.321+0000] {manager.py:835} INFO - There are 1 files in /opt/airflow/dags
[2025-11-06T21:18:06.988+0000] {manager.py:1008} INFO - 
================================================================================
DAG File Processing Stats

File Path                                PID    Runtime      # DAGs    # Errors  Last Runtime    Last Run               Last # of DB Queries
---------------------------------------  -----  ---------  --------  ----------  --------------  -------------------  ----------------------
/opt/airflow/dags/medium_post_search.py                           1           0  6.45s           2025-11-06T21:17:45                      12
================================================================================
[2025-11-06T21:18:39.815+0000] {manager.py:1008} INFO - 
================================================================================
DAG File Processing Stats

File Path                                PID    Runtime      # DAGs    # Errors  Last Runtime    Last Run               Last # of DB Queries
---------------------------------------  -----  ---------  --------  ----------  --------------  -------------------  ----------------------
/opt/airflow/dags/medium_post_search.py                           1           0  5.57s           2025-11-06T21:18:22                      12
================================================================================
[2025-11-06T21:19:12.599+0000] {manager.py:1008} INFO - 
================================================================================
DAG File Processing Stats

File Path                                PID    Runtime      # DAGs    # Errors  Last Runtime    Last Run               Last # of DB Queries
---------------------------------------  -----  ---------  --------  ----------  --------------  -------------------  ----------------------
/opt/airflow/dags/medium_post_search.py                           1           0  6.01s           2025-11-06T21:18:58                      12
================================================================================
[2025-11-06T21:19:46.778+0000] {manager.py:1008} INFO - 
================================================================================
DAG File Processing Stats

File Path                                PID    Runtime      # DAGs    # Errors  Last Runtime    Last Run               Last # of DB Queries
---------------------------------------  -----  ---------  --------  ----------  --------------  -------------------  ----------------------
/opt/airflow/dags/medium_post_search.py                           1           0  6.08s           2025-11-06T21:19:34                      12
================================================================================
[2025-11-06T21:20:21.202+0000] {manager.py:1008} INFO - 
================================================================================
DAG File Processing Stats

File Path                                PID    Runtime      # DAGs    # Errors  Last Runtime    Last Run               Last # of DB Queries
---------------------------------------  -----  ---------  --------  ----------  --------------  -------------------  ----------------------
/opt/airflow/dags/medium_post_search.py                           1           0  6.47s           2025-11-06T21:20:11                      12
================================================================================
[2025-11-06T21:20:54.036+0000] {manager.py:1008} INFO - 
================================================================================
DAG File Processing Stats

File Path                                PID    Runtime      # DAGs    # Errors  Last Runtime    Last Run               Last # of DB Queries
---------------------------------------  -----  ---------  --------  ----------  --------------  -------------------  ----------------------
/opt/airflow/dags/medium_post_search.py                           1           0  6.07s           2025-11-06T21:20:48                      12
================================================================================
[2025-11-06T21:21:26.861+0000] {manager.py:1008} INFO - 
================================================================================
DAG File Processing Stats

File Path                                  PID  Runtime      # DAGs    # Errors  Last Runtime    Last Run               Last # of DB Queries
---------------------------------------  -----  ---------  --------  ----------  --------------  -------------------  ----------------------
/opt/airflow/dags/medium_post_search.py    862  7.52s             1           0  6.07s           2025-11-06T21:20:48                      12
================================================================================
[2025-11-06T21:21:59.682+0000] {manager.py:1008} INFO - 
================================================================================
DAG File Processing Stats

File Path                                  PID  Runtime      # DAGs    # Errors  Last Runtime    Last Run               Last # of DB Queries
---------------------------------------  -----  ---------  --------  ----------  --------------  -------------------  ----------------------
/opt/airflow/dags/medium_post_search.py    895  1.02s             1           0  8.66s           2025-11-06T21:21:28                      12
================================================================================
[2025-11-06T21:22:32.066+0000] {manager.py:1008} INFO - 
================================================================================
DAG File Processing Stats

File Path                                PID    Runtime      # DAGs    # Errors  Last Runtime    Last Run               Last # of DB Queries
---------------------------------------  -----  ---------  --------  ----------  --------------  -------------------  ----------------------
/opt/airflow/dags/medium_post_search.py                           1           0  5.74s           2025-11-06T21:22:04                      12
================================================================================
[2025-11-06T21:22:39.563+0000] {manager.py:832} INFO - Searching for files in /opt/airflow/dags
[2025-11-06T21:22:39.602+0000] {manager.py:835} INFO - There are 1 files in /opt/airflow/dags
[2025-11-06T21:23:04.852+0000] {manager.py:1008} INFO - 
================================================================================
DAG File Processing Stats

File Path                                PID    Runtime      # DAGs    # Errors  Last Runtime    Last Run               Last # of DB Queries
---------------------------------------  -----  ---------  --------  ----------  --------------  -------------------  ----------------------
/opt/airflow/dags/medium_post_search.py                           1           0  5.74s           2025-11-06T21:22:40                      12
================================================================================
[2025-11-06T21:23:37.653+0000] {manager.py:1008} INFO - 
================================================================================
DAG File Processing Stats

File Path                                PID    Runtime      # DAGs    # Errors  Last Runtime    Last Run               Last # of DB Queries
---------------------------------------  -----  ---------  --------  ----------  --------------  -------------------  ----------------------
/opt/airflow/dags/medium_post_search.py                           1           0  6.38s           2025-11-06T21:23:17                      12
================================================================================
[2025-11-06T21:24:10.310+0000] {manager.py:1008} INFO - 
================================================================================
DAG File Processing Stats

File Path                                PID    Runtime      # DAGs    # Errors  Last Runtime    Last Run               Last # of DB Queries
---------------------------------------  -----  ---------  --------  ----------  --------------  -------------------  ----------------------
/opt/airflow/dags/medium_post_search.py                           1           0  5.91s           2025-11-06T21:23:53                      12
================================================================================
[2025-11-06T21:24:42.989+0000] {manager.py:1008} INFO - 
================================================================================
DAG File Processing Stats

File Path                                PID    Runtime      # DAGs    # Errors  Last Runtime    Last Run               Last # of DB Queries
---------------------------------------  -----  ---------  --------  ----------  --------------  -------------------  ----------------------
/opt/airflow/dags/medium_post_search.py                           1           0  6.61s           2025-11-06T21:24:30                      12
================================================================================
[2025-11-06T21:25:15.742+0000] {manager.py:1008} INFO - 
================================================================================
DAG File Processing Stats

File Path                                PID    Runtime      # DAGs    # Errors  Last Runtime    Last Run               Last # of DB Queries
---------------------------------------  -----  ---------  --------  ----------  --------------  -------------------  ----------------------
/opt/airflow/dags/medium_post_search.py                           1           0  5.86s           2025-11-06T21:25:06                      12
================================================================================
[2025-11-06T21:25:48.589+0000] {manager.py:1008} INFO - 
================================================================================
DAG File Processing Stats

File Path                                PID    Runtime      # DAGs    # Errors  Last Runtime    Last Run               Last # of DB Queries
---------------------------------------  -----  ---------  --------  ----------  --------------  -------------------  ----------------------
/opt/airflow/dags/medium_post_search.py                           1           0  8.60s           2025-11-06T21:25:45                      12
================================================================================
[2025-11-06T21:26:21.433+0000] {manager.py:1008} INFO - 
================================================================================
DAG File Processing Stats

File Path                                  PID  Runtime      # DAGs    # Errors  Last Runtime    Last Run               Last # of DB Queries
---------------------------------------  -----  ---------  --------  ----------  --------------  -------------------  ----------------------
/opt/airflow/dags/medium_post_search.py   1428  3.05s             1           0  8.60s           2025-11-06T21:25:45                      12
================================================================================
[2025-11-06T21:26:54.144+0000] {manager.py:1008} INFO - 
================================================================================
DAG File Processing Stats

File Path                                PID    Runtime      # DAGs    # Errors  Last Runtime    Last Run               Last # of DB Queries
---------------------------------------  -----  ---------  --------  ----------  --------------  -------------------  ----------------------
/opt/airflow/dags/medium_post_search.py                           1           0  6.04s           2025-11-06T21:26:24                      12
================================================================================
[2025-11-06T21:27:26.893+0000] {manager.py:1008} INFO - 
================================================================================
DAG File Processing Stats

File Path                                PID    Runtime      # DAGs    # Errors  Last Runtime    Last Run               Last # of DB Queries
---------------------------------------  -----  ---------  --------  ----------  --------------  -------------------  ----------------------
/opt/airflow/dags/medium_post_search.py                           1           0  5.96s           2025-11-06T21:27:01                      12
================================================================================
[2025-11-06T21:27:39.716+0000] {manager.py:832} INFO - Searching for files in /opt/airflow/dags
[2025-11-06T21:27:39.782+0000] {manager.py:835} INFO - There are 1 files in /opt/airflow/dags
[2025-11-06T21:27:59.467+0000] {manager.py:1008} INFO - 
================================================================================
DAG File Processing Stats

File Path                                PID    Runtime      # DAGs    # Errors  Last Runtime    Last Run               Last # of DB Queries
---------------------------------------  -----  ---------  --------  ----------  --------------  -------------------  ----------------------
/opt/airflow/dags/medium_post_search.py                           1           0  6.73s           2025-11-06T21:27:38                      12
================================================================================
[2025-11-06T21:28:32.309+0000] {manager.py:1008} INFO - 
================================================================================
DAG File Processing Stats

File Path                                PID    Runtime      # DAGs    # Errors  Last Runtime    Last Run               Last # of DB Queries
---------------------------------------  -----  ---------  --------  ----------  --------------  -------------------  ----------------------
/opt/airflow/dags/medium_post_search.py                           1           0  6.80s           2025-11-06T21:28:15                      12
================================================================================
[2025-11-06T21:29:04.764+0000] {manager.py:1008} INFO - 
================================================================================
DAG File Processing Stats

File Path                                PID    Runtime      # DAGs    # Errors  Last Runtime    Last Run               Last # of DB Queries
---------------------------------------  -----  ---------  --------  ----------  --------------  -------------------  ----------------------
/opt/airflow/dags/medium_post_search.py                           1           0  6.80s           2025-11-06T21:28:53                      12
================================================================================
[2025-11-06T21:29:37.821+0000] {manager.py:1008} INFO - 
================================================================================
DAG File Processing Stats

File Path                                PID    Runtime      # DAGs    # Errors  Last Runtime    Last Run               Last # of DB Queries
---------------------------------------  -----  ---------  --------  ----------  --------------  -------------------  ----------------------
/opt/airflow/dags/medium_post_search.py                           1           0  8.86s           2025-11-06T21:29:32                      12
================================================================================
[2025-11-06T21:30:10.507+0000] {manager.py:1008} INFO - 
================================================================================
DAG File Processing Stats

File Path                                PID    Runtime      # DAGs    # Errors  Last Runtime    Last Run               Last # of DB Queries
---------------------------------------  -----  ---------  --------  ----------  --------------  -------------------  ----------------------
/opt/airflow/dags/medium_post_search.py                           1           0  7.28s           2025-11-06T21:30:10                      12
================================================================================
[2025-11-06T21:30:43.384+0000] {manager.py:1008} INFO - 
================================================================================
DAG File Processing Stats

File Path                                  PID  Runtime      # DAGs    # Errors  Last Runtime    Last Run               Last # of DB Queries
---------------------------------------  -----  ---------  --------  ----------  --------------  -------------------  ----------------------
/opt/airflow/dags/medium_post_search.py   1665  2.72s             1           0  7.28s           2025-11-06T21:30:10                      12
================================================================================
[2025-11-06T21:31:16.056+0000] {manager.py:1008} INFO - 
================================================================================
DAG File Processing Stats

File Path                                PID    Runtime      # DAGs    # Errors  Last Runtime    Last Run               Last # of DB Queries
---------------------------------------  -----  ---------  --------  ----------  --------------  -------------------  ----------------------
/opt/airflow/dags/medium_post_search.py                           1           0  5.94s           2025-11-06T21:30:46                      12
================================================================================
[2025-11-06T21:31:49.059+0000] {manager.py:1008} INFO - 
================================================================================
DAG File Processing Stats

File Path                                PID    Runtime      # DAGs    # Errors  Last Runtime    Last Run               Last # of DB Queries
---------------------------------------  -----  ---------  --------  ----------  --------------  -------------------  ----------------------
/opt/airflow/dags/medium_post_search.py                           1           0  6.44s           2025-11-06T21:31:23                      12
================================================================================
[2025-11-06T21:32:22.049+0000] {manager.py:1008} INFO - 
================================================================================
DAG File Processing Stats

File Path                                PID    Runtime      # DAGs    # Errors  Last Runtime    Last Run               Last # of DB Queries
---------------------------------------  -----  ---------  --------  ----------  --------------  -------------------  ----------------------
/opt/airflow/dags/medium_post_search.py                           1           0  6.38s           2025-11-06T21:32:00                      12
================================================================================
[2025-11-06T21:32:39.828+0000] {manager.py:832} INFO - Searching for files in /opt/airflow/dags
[2025-11-06T21:32:39.880+0000] {manager.py:835} INFO - There are 1 files in /opt/airflow/dags
[2025-11-06T21:32:55.005+0000] {manager.py:1008} INFO - 
================================================================================
DAG File Processing Stats

File Path                                PID    Runtime      # DAGs    # Errors  Last Runtime    Last Run               Last # of DB Queries
---------------------------------------  -----  ---------  --------  ----------  --------------  -------------------  ----------------------
/opt/airflow/dags/medium_post_search.py                           1           0  6.62s           2025-11-06T21:32:37                      12
================================================================================
[2025-11-06T21:33:28.277+0000] {manager.py:1008} INFO - 
================================================================================
DAG File Processing Stats

File Path                                PID    Runtime      # DAGs    # Errors  Last Runtime    Last Run               Last # of DB Queries
---------------------------------------  -----  ---------  --------  ----------  --------------  -------------------  ----------------------
/opt/airflow/dags/medium_post_search.py                           1           0  6.69s           2025-11-06T21:33:14                      12
================================================================================
[2025-11-06T21:34:01.115+0000] {manager.py:1008} INFO - 
================================================================================
DAG File Processing Stats

File Path                                PID    Runtime      # DAGs    # Errors  Last Runtime    Last Run               Last # of DB Queries
---------------------------------------  -----  ---------  --------  ----------  --------------  -------------------  ----------------------
/opt/airflow/dags/medium_post_search.py                           1           0  8.80s           2025-11-06T21:33:54                      12
================================================================================
[2025-11-06T21:34:33.660+0000] {manager.py:1008} INFO - 
================================================================================
DAG File Processing Stats

File Path                                PID    Runtime      # DAGs    # Errors  Last Runtime    Last Run               Last # of DB Queries
---------------------------------------  -----  ---------  --------  ----------  --------------  -------------------  ----------------------
/opt/airflow/dags/medium_post_search.py                           1           0  5.75s           2025-11-06T21:34:30                      12
================================================================================
[2025-11-06T21:35:06.467+0000] {manager.py:1008} INFO - 
================================================================================
DAG File Processing Stats

File Path                                  PID  Runtime      # DAGs    # Errors  Last Runtime    Last Run               Last # of DB Queries
---------------------------------------  -----  ---------  --------  ----------  --------------  -------------------  ----------------------
/opt/airflow/dags/medium_post_search.py   1901  5.49s             1           0  5.75s           2025-11-06T21:34:30                      12
================================================================================
[2025-11-06T21:35:39.001+0000] {manager.py:1008} INFO - 
================================================================================
DAG File Processing Stats

File Path                                  PID  Runtime      # DAGs    # Errors  Last Runtime    Last Run               Last # of DB Queries
---------------------------------------  -----  ---------  --------  ----------  --------------  -------------------  ----------------------
/opt/airflow/dags/medium_post_search.py   1934  1.12s             1           0  6.23s           2025-11-06T21:35:07                      12
================================================================================
[2025-11-06T21:36:11.686+0000] {manager.py:1008} INFO - 
================================================================================
DAG File Processing Stats

File Path                                PID    Runtime      # DAGs    # Errors  Last Runtime    Last Run               Last # of DB Queries
---------------------------------------  -----  ---------  --------  ----------  --------------  -------------------  ----------------------
/opt/airflow/dags/medium_post_search.py                           1           0  6.14s           2025-11-06T21:35:44                      12
================================================================================
[2025-11-06T21:36:44.291+0000] {manager.py:1008} INFO - 
================================================================================
DAG File Processing Stats

File Path                                PID    Runtime      # DAGs    # Errors  Last Runtime    Last Run               Last # of DB Queries
---------------------------------------  -----  ---------  --------  ----------  --------------  -------------------  ----------------------
/opt/airflow/dags/medium_post_search.py                           1           0  6.80s           2025-11-06T21:36:21                      12
================================================================================
[2025-11-06T21:37:17.370+0000] {manager.py:1008} INFO - 
================================================================================
DAG File Processing Stats

File Path                                PID    Runtime      # DAGs    # Errors  Last Runtime    Last Run               Last # of DB Queries
---------------------------------------  -----  ---------  --------  ----------  --------------  -------------------  ----------------------
/opt/airflow/dags/medium_post_search.py                           1           0  7.10s           2025-11-06T21:36:58                      12
================================================================================
[2025-11-06T21:37:40.072+0000] {manager.py:832} INFO - Searching for files in /opt/airflow/dags
[2025-11-06T21:37:40.148+0000] {manager.py:835} INFO - There are 1 files in /opt/airflow/dags
[2025-11-06T21:37:50.283+0000] {manager.py:1008} INFO - 
================================================================================
DAG File Processing Stats

File Path                                PID    Runtime      # DAGs    # Errors  Last Runtime    Last Run               Last # of DB Queries
---------------------------------------  -----  ---------  --------  ----------  --------------  -------------------  ----------------------
/opt/airflow/dags/medium_post_search.py                           1           0  6.49s           2025-11-06T21:37:36                      12
================================================================================
[2025-11-06T21:38:23.448+0000] {manager.py:1008} INFO - 
================================================================================
DAG File Processing Stats

File Path                                PID    Runtime      # DAGs    # Errors  Last Runtime    Last Run               Last # of DB Queries
---------------------------------------  -----  ---------  --------  ----------  --------------  -------------------  ----------------------
/opt/airflow/dags/medium_post_search.py                           1           0  8.14s           2025-11-06T21:38:14                      12
================================================================================
[2025-11-06T21:38:56.578+0000] {manager.py:1008} INFO - 
================================================================================
DAG File Processing Stats

File Path                                PID    Runtime      # DAGs    # Errors  Last Runtime    Last Run               Last # of DB Queries
---------------------------------------  -----  ---------  --------  ----------  --------------  -------------------  ----------------------
/opt/airflow/dags/medium_post_search.py                           1           0  5.52s           2025-11-06T21:38:50                      12
================================================================================
[2025-11-06T21:39:29.526+0000] {manager.py:1008} INFO - 
================================================================================
DAG File Processing Stats

File Path                                PID    Runtime      # DAGs    # Errors  Last Runtime    Last Run               Last # of DB Queries
---------------------------------------  -----  ---------  --------  ----------  --------------  -------------------  ----------------------
/opt/airflow/dags/medium_post_search.py                           1           0  6.58s           2025-11-06T21:39:27                      12
================================================================================
[2025-11-06T21:40:02.387+0000] {manager.py:1008} INFO - 
================================================================================
DAG File Processing Stats

File Path                                  PID  Runtime      # DAGs    # Errors  Last Runtime    Last Run               Last # of DB Queries
---------------------------------------  -----  ---------  --------  ----------  --------------  -------------------  ----------------------
/opt/airflow/dags/medium_post_search.py   2170  4.05s             1           0  6.58s           2025-11-06T21:39:27                      12
================================================================================
[2025-11-06T21:40:35.710+0000] {manager.py:1008} INFO - 
================================================================================
DAG File Processing Stats

File Path                                  PID  Runtime      # DAGs    # Errors  Last Runtime    Last Run               Last # of DB Queries
---------------------------------------  -----  ---------  --------  ----------  --------------  -------------------  ----------------------
/opt/airflow/dags/medium_post_search.py   2209  0.01s             1           0  6.71s           2025-11-06T21:40:05                      12
================================================================================
[2025-11-06T21:41:08.398+0000] {manager.py:1008} INFO - 
================================================================================
DAG File Processing Stats

File Path                                PID    Runtime      # DAGs    # Errors  Last Runtime    Last Run               Last # of DB Queries
---------------------------------------  -----  ---------  --------  ----------  --------------  -------------------  ----------------------
/opt/airflow/dags/medium_post_search.py                           1           0  4.91s           2025-11-06T21:40:40                      12
================================================================================
[2025-11-06T21:41:41.179+0000] {manager.py:1008} INFO - 
================================================================================
DAG File Processing Stats

File Path                                PID    Runtime      # DAGs    # Errors  Last Runtime    Last Run               Last # of DB Queries
---------------------------------------  -----  ---------  --------  ----------  --------------  -------------------  ----------------------
/opt/airflow/dags/medium_post_search.py                           1           0  5.77s           2025-11-06T21:41:16                      12
================================================================================
[2025-11-06T21:42:13.710+0000] {manager.py:1008} INFO - 
================================================================================
DAG File Processing Stats

File Path                                PID    Runtime      # DAGs    # Errors  Last Runtime    Last Run               Last # of DB Queries
---------------------------------------  -----  ---------  --------  ----------  --------------  -------------------  ----------------------
/opt/airflow/dags/medium_post_search.py                           1           0  5.71s           2025-11-06T21:41:52                      12
================================================================================
[2025-11-06T21:42:40.397+0000] {manager.py:832} INFO - Searching for files in /opt/airflow/dags
[2025-11-06T21:42:40.465+0000] {manager.py:835} INFO - There are 1 files in /opt/airflow/dags
[2025-11-06T21:42:46.566+0000] {manager.py:1008} INFO - 
================================================================================
DAG File Processing Stats

File Path                                PID    Runtime      # DAGs    # Errors  Last Runtime    Last Run               Last # of DB Queries
---------------------------------------  -----  ---------  --------  ----------  --------------  -------------------  ----------------------
/opt/airflow/dags/medium_post_search.py                           1           0  5.55s           2025-11-06T21:42:28                      12
================================================================================
[2025-11-06T21:43:19.195+0000] {manager.py:1008} INFO - 
================================================================================
DAG File Processing Stats

File Path                                PID    Runtime      # DAGs    # Errors  Last Runtime    Last Run               Last # of DB Queries
---------------------------------------  -----  ---------  --------  ----------  --------------  -------------------  ----------------------
/opt/airflow/dags/medium_post_search.py                           1           0  7.93s           2025-11-06T21:43:07                      12
================================================================================
[2025-11-06T21:43:51.944+0000] {manager.py:1008} INFO - 
================================================================================
DAG File Processing Stats

File Path                                PID    Runtime      # DAGs    # Errors  Last Runtime    Last Run               Last # of DB Queries
---------------------------------------  -----  ---------  --------  ----------  --------------  -------------------  ----------------------
/opt/airflow/dags/medium_post_search.py                           1           0  5.74s           2025-11-06T21:43:43                      12
================================================================================
[2025-11-06T21:44:24.856+0000] {manager.py:1008} INFO - 
================================================================================
DAG File Processing Stats

File Path                                PID    Runtime      # DAGs    # Errors  Last Runtime    Last Run               Last # of DB Queries
---------------------------------------  -----  ---------  --------  ----------  --------------  -------------------  ----------------------
/opt/airflow/dags/medium_post_search.py                           1           0  6.18s           2025-11-06T21:44:19                      12
================================================================================
[2025-11-06T21:44:57.778+0000] {manager.py:1008} INFO - 
================================================================================
DAG File Processing Stats

File Path                                PID    Runtime      # DAGs    # Errors  Last Runtime    Last Run               Last # of DB Queries
---------------------------------------  -----  ---------  --------  ----------  --------------  -------------------  ----------------------
/opt/airflow/dags/medium_post_search.py                           1           0  6.32s           2025-11-06T21:44:56                      12
================================================================================
[2025-11-06T21:45:30.677+0000] {manager.py:1008} INFO - 
================================================================================
DAG File Processing Stats

File Path                                  PID  Runtime      # DAGs    # Errors  Last Runtime    Last Run               Last # of DB Queries
---------------------------------------  -----  ---------  --------  ----------  --------------  -------------------  ----------------------
/opt/airflow/dags/medium_post_search.py   2480  3.04s             1           0  6.32s           2025-11-06T21:44:56                      12
================================================================================
[2025-11-06T21:46:03.187+0000] {manager.py:1008} INFO - 
================================================================================
DAG File Processing Stats

File Path                                PID    Runtime      # DAGs    # Errors  Last Runtime    Last Run               Last # of DB Queries
---------------------------------------  -----  ---------  --------  ----------  --------------  -------------------  ----------------------
/opt/airflow/dags/medium_post_search.py                           1           0  5.83s           2025-11-06T21:45:33                      12
================================================================================
[2025-11-06T21:46:36.076+0000] {manager.py:1008} INFO - 
================================================================================
DAG File Processing Stats

File Path                                PID    Runtime      # DAGs    # Errors  Last Runtime    Last Run               Last # of DB Queries
---------------------------------------  -----  ---------  --------  ----------  --------------  -------------------  ----------------------
/opt/airflow/dags/medium_post_search.py                           1           0  5.05s           2025-11-06T21:46:08                      12
================================================================================
[2025-11-06T21:47:08.737+0000] {manager.py:1008} INFO - 
================================================================================
DAG File Processing Stats

File Path                                PID    Runtime      # DAGs    # Errors  Last Runtime    Last Run               Last # of DB Queries
---------------------------------------  -----  ---------  --------  ----------  --------------  -------------------  ----------------------
/opt/airflow/dags/medium_post_search.py                           1           0  5.87s           2025-11-06T21:46:45                      12
================================================================================
[2025-11-06T21:47:40.560+0000] {manager.py:832} INFO - Searching for files in /opt/airflow/dags
[2025-11-06T21:47:40.597+0000] {manager.py:835} INFO - There are 1 files in /opt/airflow/dags
[2025-11-06T21:47:41.628+0000] {manager.py:1008} INFO - 
================================================================================
DAG File Processing Stats

File Path                                PID    Runtime      # DAGs    # Errors  Last Runtime    Last Run               Last # of DB Queries
---------------------------------------  -----  ---------  --------  ----------  --------------  -------------------  ----------------------
/opt/airflow/dags/medium_post_search.py                           1           0  5.69s           2025-11-06T21:47:21                      12
================================================================================
[2025-11-06T21:48:14.285+0000] {manager.py:1008} INFO - 
================================================================================
DAG File Processing Stats

File Path                                PID    Runtime      # DAGs    # Errors  Last Runtime    Last Run               Last # of DB Queries
---------------------------------------  -----  ---------  --------  ----------  --------------  -------------------  ----------------------
/opt/airflow/dags/medium_post_search.py                           1           0  8.34s           2025-11-06T21:48:00                      12
================================================================================
[2025-11-06T21:48:47.272+0000] {manager.py:1008} INFO - 
================================================================================
DAG File Processing Stats

File Path                                PID    Runtime      # DAGs    # Errors  Last Runtime    Last Run               Last # of DB Queries
---------------------------------------  -----  ---------  --------  ----------  --------------  -------------------  ----------------------
/opt/airflow/dags/medium_post_search.py                           1           0  6.45s           2025-11-06T21:48:37                      12
================================================================================
[2025-11-06T21:49:19.940+0000] {manager.py:1008} INFO - 
================================================================================
DAG File Processing Stats

File Path                                PID    Runtime      # DAGs    # Errors  Last Runtime    Last Run               Last # of DB Queries
---------------------------------------  -----  ---------  --------  ----------  --------------  -------------------  ----------------------
/opt/airflow/dags/medium_post_search.py                           1           0  5.90s           2025-11-06T21:49:13                      12
================================================================================
[2025-11-06T21:49:52.740+0000] {manager.py:1008} INFO - 
================================================================================
DAG File Processing Stats

File Path                                PID    Runtime      # DAGs    # Errors  Last Runtime    Last Run               Last # of DB Queries
---------------------------------------  -----  ---------  --------  ----------  --------------  -------------------  ----------------------
/opt/airflow/dags/medium_post_search.py                           1           0  6.01s           2025-11-06T21:49:50                      12
================================================================================
[2025-11-06T21:50:25.610+0000] {manager.py:1008} INFO - 
================================================================================
DAG File Processing Stats

File Path                                  PID  Runtime      # DAGs    # Errors  Last Runtime    Last Run               Last # of DB Queries
---------------------------------------  -----  ---------  --------  ----------  --------------  -------------------  ----------------------
/opt/airflow/dags/medium_post_search.py   2749  5.06s             1           0  6.01s           2025-11-06T21:49:50                      12
================================================================================
[2025-11-06T21:50:58.725+0000] {manager.py:1008} INFO - 
================================================================================
DAG File Processing Stats

File Path                                  PID  Runtime      # DAGs    # Errors  Last Runtime    Last Run               Last # of DB Queries
---------------------------------------  -----  ---------  --------  ----------  --------------  -------------------  ----------------------
/opt/airflow/dags/medium_post_search.py   2782  2.02s             1           0  5.58s           2025-11-06T21:50:26                      12
================================================================================
[2025-11-06T21:51:31.223+0000] {manager.py:1008} INFO - 
================================================================================
DAG File Processing Stats

File Path                                PID    Runtime      # DAGs    # Errors  Last Runtime    Last Run               Last # of DB Queries
---------------------------------------  -----  ---------  --------  ----------  --------------  -------------------  ----------------------
/opt/airflow/dags/medium_post_search.py                           1           0  5.72s           2025-11-06T21:51:02                      12
================================================================================
[2025-11-06T21:52:04.017+0000] {manager.py:1008} INFO - 
================================================================================
DAG File Processing Stats

File Path                                PID    Runtime      # DAGs    # Errors  Last Runtime    Last Run               Last # of DB Queries
---------------------------------------  -----  ---------  --------  ----------  --------------  -------------------  ----------------------
/opt/airflow/dags/medium_post_search.py                           1           0  6.53s           2025-11-06T21:51:39                      12
================================================================================
[2025-11-06T21:52:36.811+0000] {manager.py:1008} INFO - 
================================================================================
DAG File Processing Stats

File Path                                PID    Runtime      # DAGs    # Errors  Last Runtime    Last Run               Last # of DB Queries
---------------------------------------  -----  ---------  --------  ----------  --------------  -------------------  ----------------------
/opt/airflow/dags/medium_post_search.py                           1           0  8.56s           2025-11-06T21:52:18                      12
================================================================================
[2025-11-06T21:52:40.855+0000] {manager.py:832} INFO - Searching for files in /opt/airflow/dags
[2025-11-06T21:52:40.911+0000] {manager.py:835} INFO - There are 1 files in /opt/airflow/dags
[2025-11-06T21:53:09.500+0000] {manager.py:1008} INFO - 
================================================================================
DAG File Processing Stats

File Path                                PID    Runtime      # DAGs    # Errors  Last Runtime    Last Run               Last # of DB Queries
---------------------------------------  -----  ---------  --------  ----------  --------------  -------------------  ----------------------
/opt/airflow/dags/medium_post_search.py                           1           0  5.82s           2025-11-06T21:52:55                      12
================================================================================
[2025-11-06T21:53:42.329+0000] {manager.py:1008} INFO - 
================================================================================
DAG File Processing Stats

File Path                                PID    Runtime      # DAGs    # Errors  Last Runtime    Last Run               Last # of DB Queries
---------------------------------------  -----  ---------  --------  ----------  --------------  -------------------  ----------------------
/opt/airflow/dags/medium_post_search.py                           1           0  5.92s           2025-11-06T21:53:31                      12
================================================================================
[2025-11-06T21:54:15.284+0000] {manager.py:1008} INFO - 
================================================================================
DAG File Processing Stats

File Path                                PID    Runtime      # DAGs    # Errors  Last Runtime    Last Run               Last # of DB Queries
---------------------------------------  -----  ---------  --------  ----------  --------------  -------------------  ----------------------
/opt/airflow/dags/medium_post_search.py                           1           0  5.47s           2025-11-06T21:54:07                      12
================================================================================
[2025-11-06T21:54:48.070+0000] {manager.py:1008} INFO - 
================================================================================
DAG File Processing Stats

File Path                                PID    Runtime      # DAGs    # Errors  Last Runtime    Last Run               Last # of DB Queries
---------------------------------------  -----  ---------  --------  ----------  --------------  -------------------  ----------------------
/opt/airflow/dags/medium_post_search.py                           1           0  5.24s           2025-11-06T21:54:43                      12
================================================================================
[2025-11-06T21:55:21.058+0000] {manager.py:1008} INFO - 
================================================================================
DAG File Processing Stats

File Path                                PID    Runtime      # DAGs    # Errors  Last Runtime    Last Run               Last # of DB Queries
---------------------------------------  -----  ---------  --------  ----------  --------------  -------------------  ----------------------
/opt/airflow/dags/medium_post_search.py                           1           0  5.66s           2025-11-06T21:55:19                      12
================================================================================
[2025-11-06T22:23:08.239+0000] {manager.py:832} INFO - Searching for files in /opt/airflow/dags
[2025-11-06T22:23:08.576+0000] {manager.py:835} INFO - There are 1 files in /opt/airflow/dags
[2025-11-06T22:23:32.885+0000] {manager.py:1008} INFO - 
================================================================================
DAG File Processing Stats

File Path                                PID    Runtime      # DAGs    # Errors  Last Runtime    Last Run               Last # of DB Queries
---------------------------------------  -----  ---------  --------  ----------  --------------  -------------------  ----------------------
/opt/airflow/dags/medium_post_search.py                           1           0  16.24s          2025-11-06T22:23:25                      12
================================================================================
[2025-11-06T22:24:05.061+0000] {manager.py:1008} INFO - 
================================================================================
DAG File Processing Stats

File Path                                PID    Runtime      # DAGs    # Errors  Last Runtime    Last Run               Last # of DB Queries
---------------------------------------  -----  ---------  --------  ----------  --------------  -------------------  ----------------------
/opt/airflow/dags/medium_post_search.py                           1           0  7.00s           2025-11-06T22:24:02                      19
================================================================================
[2025-11-06T22:24:37.339+0000] {manager.py:1008} INFO - 
================================================================================
DAG File Processing Stats

File Path                                  PID  Runtime      # DAGs    # Errors  Last Runtime    Last Run               Last # of DB Queries
---------------------------------------  -----  ---------  --------  ----------  --------------  -------------------  ----------------------
/opt/airflow/dags/medium_post_search.py   3118  4.75s             1           0  7.00s           2025-11-06T22:24:02                      19
================================================================================
[2025-11-06T22:25:09.328+0000] {manager.py:1008} INFO - 
================================================================================
DAG File Processing Stats

File Path                                PID    Runtime      # DAGs    # Errors  Last Runtime    Last Run               Last # of DB Queries
---------------------------------------  -----  ---------  --------  ----------  --------------  -------------------  ----------------------
/opt/airflow/dags/medium_post_search.py                           1           0  7.54s           2025-11-06T22:24:40                      12
================================================================================
[2025-11-06T22:25:41.601+0000] {manager.py:1008} INFO - 
================================================================================
DAG File Processing Stats

File Path                                PID    Runtime      # DAGs    # Errors  Last Runtime    Last Run               Last # of DB Queries
---------------------------------------  -----  ---------  --------  ----------  --------------  -------------------  ----------------------
/opt/airflow/dags/medium_post_search.py                           1           0  8.36s           2025-11-06T22:25:18                      12
================================================================================
[2025-11-06T22:26:13.779+0000] {manager.py:1008} INFO - 
================================================================================
DAG File Processing Stats

File Path                                PID    Runtime      # DAGs    # Errors  Last Runtime    Last Run               Last # of DB Queries
---------------------------------------  -----  ---------  --------  ----------  --------------  -------------------  ----------------------
/opt/airflow/dags/medium_post_search.py                           1           0  6.55s           2025-11-06T22:25:56                      12
================================================================================
[2025-11-06T22:26:46.350+0000] {manager.py:1008} INFO - 
================================================================================
DAG File Processing Stats

File Path                                PID    Runtime      # DAGs    # Errors  Last Runtime    Last Run               Last # of DB Queries
---------------------------------------  -----  ---------  --------  ----------  --------------  -------------------  ----------------------
/opt/airflow/dags/medium_post_search.py                           1           0  6.19s           2025-11-06T22:26:33                      12
================================================================================
[2025-11-06T22:27:19.074+0000] {manager.py:1008} INFO - 
================================================================================
DAG File Processing Stats

File Path                                PID    Runtime      # DAGs    # Errors  Last Runtime    Last Run               Last # of DB Queries
---------------------------------------  -----  ---------  --------  ----------  --------------  -------------------  ----------------------
/opt/airflow/dags/medium_post_search.py                           1           0  6.50s           2025-11-06T22:27:10                      12
================================================================================
[2025-11-06T22:27:51.909+0000] {manager.py:1008} INFO - 
================================================================================
DAG File Processing Stats

File Path                                PID    Runtime      # DAGs    # Errors  Last Runtime    Last Run               Last # of DB Queries
---------------------------------------  -----  ---------  --------  ----------  --------------  -------------------  ----------------------
/opt/airflow/dags/medium_post_search.py                           1           0  6.24s           2025-11-06T22:27:47                      12
================================================================================
[2025-11-06T22:28:08.626+0000] {manager.py:832} INFO - Searching for files in /opt/airflow/dags
[2025-11-06T22:28:08.700+0000] {manager.py:835} INFO - There are 1 files in /opt/airflow/dags
[2025-11-14T18:15:47.923+0000] {manager.py:486} INFO - Processing files using up to 2 processes at a time 
[2025-11-14T18:15:47.927+0000] {manager.py:487} INFO - Process each file at most once every 30 seconds
[2025-11-14T18:15:47.936+0000] {manager.py:488} INFO - Checking for new files in /opt/airflow/dags every 300 seconds
[2025-11-14T18:15:47.944+0000] {manager.py:832} INFO - Searching for files in /opt/airflow/dags
[2025-11-14T18:15:48.116+0000] {manager.py:835} INFO - There are 1 files in /opt/airflow/dags
[2025-11-14T18:15:59.424+0000] {manager.py:1008} INFO - 
================================================================================
DAG File Processing Stats

File Path                                PID    Runtime      # DAGs    # Errors  Last Runtime    Last Run               Last # of DB Queries
---------------------------------------  -----  ---------  --------  ----------  --------------  -------------------  ----------------------
/opt/airflow/dags/medium_post_search.py                           1           0  9.17s           2025-11-14T18:15:57                      12
================================================================================
[2025-11-14T18:16:29.611+0000] {manager.py:1008} INFO - 
================================================================================
DAG File Processing Stats

File Path                                  PID  Runtime      # DAGs    # Errors  Last Runtime    Last Run               Last # of DB Queries
---------------------------------------  -----  ---------  --------  ----------  --------------  -------------------  ----------------------
/opt/airflow/dags/medium_post_search.py    441  2.02s             1           0  9.17s           2025-11-14T18:15:57                      12
================================================================================
[2025-11-14T18:17:01.073+0000] {manager.py:1008} INFO - 
================================================================================
DAG File Processing Stats

File Path                                PID    Runtime      # DAGs    # Errors  Last Runtime    Last Run               Last # of DB Queries
---------------------------------------  -----  ---------  --------  ----------  --------------  -------------------  ----------------------
/opt/airflow/dags/medium_post_search.py                           1           0  5.10s           2025-11-14T18:16:32                      12
================================================================================
[2025-11-14T18:17:32.376+0000] {manager.py:1008} INFO - 
================================================================================
DAG File Processing Stats

File Path                                PID    Runtime      # DAGs    # Errors  Last Runtime    Last Run               Last # of DB Queries
---------------------------------------  -----  ---------  --------  ----------  --------------  -------------------  ----------------------
/opt/airflow/dags/medium_post_search.py                           1           0  5.14s           2025-11-14T18:17:08                      12
================================================================================
[2025-11-14T18:18:21.148+0000] {manager.py:486} INFO - Processing files using up to 2 processes at a time 
[2025-11-14T18:18:21.149+0000] {manager.py:487} INFO - Process each file at most once every 30 seconds
[2025-11-14T18:18:21.149+0000] {manager.py:488} INFO - Checking for new files in /opt/airflow/dags every 300 seconds
[2025-11-14T18:18:21.150+0000] {manager.py:832} INFO - Searching for files in /opt/airflow/dags
[2025-11-14T18:18:21.166+0000] {manager.py:835} INFO - There are 1 files in /opt/airflow/dags
[2025-11-14T18:18:21.227+0000] {manager.py:1008} INFO - 
================================================================================
DAG File Processing Stats

File Path                                  PID  Runtime      # DAGs    # Errors  Last Runtime    Last Run      Last # of DB Queries
---------------------------------------  -----  ---------  --------  ----------  --------------  ----------  ----------------------
/opt/airflow/dags/medium_post_search.py    204  0.02s             0           0                                                   0
================================================================================
[2025-11-14T18:18:52.575+0000] {manager.py:1008} INFO - 
================================================================================
DAG File Processing Stats

File Path                                PID    Runtime      # DAGs    # Errors  Last Runtime    Last Run               Last # of DB Queries
---------------------------------------  -----  ---------  --------  ----------  --------------  -------------------  ----------------------
/opt/airflow/dags/medium_post_search.py                           1           0  4.01s           2025-11-14T18:18:25                      12
================================================================================
[2025-11-14T18:23:30.010+0000] {manager.py:486} INFO - Processing files using up to 2 processes at a time 
[2025-11-14T18:23:30.011+0000] {manager.py:487} INFO - Process each file at most once every 30 seconds
[2025-11-14T18:23:30.012+0000] {manager.py:488} INFO - Checking for new files in /opt/airflow/dags every 300 seconds
[2025-11-14T18:23:30.012+0000] {manager.py:832} INFO - Searching for files in /opt/airflow/dags
[2025-11-14T18:23:30.030+0000] {manager.py:835} INFO - There are 1 files in /opt/airflow/dags
[2025-11-14T18:23:30.100+0000] {manager.py:1008} INFO - 
================================================================================
DAG File Processing Stats

File Path                                  PID  Runtime      # DAGs    # Errors  Last Runtime    Last Run      Last # of DB Queries
---------------------------------------  -----  ---------  --------  ----------  --------------  ----------  ----------------------
/opt/airflow/dags/medium_post_search.py    289  0.02s             0           0                                                   0
================================================================================
[2025-11-14T18:23:46.396+0000] {manager.py:486} INFO - Processing files using up to 2 processes at a time 
[2025-11-14T18:23:46.397+0000] {manager.py:487} INFO - Process each file at most once every 30 seconds
[2025-11-14T18:23:46.398+0000] {manager.py:488} INFO - Checking for new files in /opt/airflow/dags every 300 seconds
[2025-11-14T18:23:46.398+0000] {manager.py:832} INFO - Searching for files in /opt/airflow/dags
[2025-11-14T18:23:46.412+0000] {manager.py:835} INFO - There are 1 files in /opt/airflow/dags
[2025-11-14T18:23:46.479+0000] {manager.py:1008} INFO - 
================================================================================
DAG File Processing Stats

File Path                                  PID  Runtime      # DAGs    # Errors  Last Runtime    Last Run      Last # of DB Queries
---------------------------------------  -----  ---------  --------  ----------  --------------  ----------  ----------------------
/opt/airflow/dags/medium_post_search.py    204  0.02s             0           0                                                   0
================================================================================
[2025-11-14T18:24:17.881+0000] {manager.py:1008} INFO - 
================================================================================
DAG File Processing Stats

File Path                                PID    Runtime      # DAGs    # Errors  Last Runtime    Last Run               Last # of DB Queries
---------------------------------------  -----  ---------  --------  ----------  --------------  -------------------  ----------------------
/opt/airflow/dags/medium_post_search.py                           1           0  4.10s           2025-11-14T18:23:50                      12
================================================================================
[2025-11-14T18:24:49.131+0000] {manager.py:1008} INFO - 
================================================================================
DAG File Processing Stats

File Path                                PID    Runtime      # DAGs    # Errors  Last Runtime    Last Run               Last # of DB Queries
---------------------------------------  -----  ---------  --------  ----------  --------------  -------------------  ----------------------
/opt/airflow/dags/medium_post_search.py                           1           0  4.77s           2025-11-14T18:24:25                      12
================================================================================
[2025-11-14T18:25:20.756+0000] {manager.py:1008} INFO - 
================================================================================
DAG File Processing Stats

File Path                                PID    Runtime      # DAGs    # Errors  Last Runtime    Last Run               Last # of DB Queries
---------------------------------------  -----  ---------  --------  ----------  --------------  -------------------  ----------------------
/opt/airflow/dags/medium_post_search.py                           1           0  3.84s           2025-11-14T18:25:00                      12
================================================================================
