[2025-10-27T19:44:39.926+0000] {local_task_job_runner.py:123} INFO - ::group::Pre task execution logs
[2025-10-27T19:44:39.937+0000] {taskinstance.py:2612} INFO - Dependencies all met for dep_context=non-requeueable deps ti=<TaskInstance: etl_session_data_to_snowflake.creat_tables_load_snowflake manual__2025-10-27T19:44:37.990305+00:00 [queued]>
[2025-10-27T19:44:39.943+0000] {taskinstance.py:2612} INFO - Dependencies all met for dep_context=requeueable deps ti=<TaskInstance: etl_session_data_to_snowflake.creat_tables_load_snowflake manual__2025-10-27T19:44:37.990305+00:00 [queued]>
[2025-10-27T19:44:39.944+0000] {taskinstance.py:2865} INFO - Starting attempt 1 of 1
[2025-10-27T19:44:39.952+0000] {taskinstance.py:2888} INFO - Executing <Task(_PythonDecoratedOperator): creat_tables_load_snowflake> on 2025-10-27 19:44:37.990305+00:00
[2025-10-27T19:44:39.960+0000] {logging_mixin.py:190} WARNING - /home/***/.local/lib/python3.12/site-packages/***/task/task_runner/standard_task_runner.py:70 DeprecationWarning: This process (pid=377) is multi-threaded, use of fork() may lead to deadlocks in the child.
[2025-10-27T19:44:39.959+0000] {standard_task_runner.py:104} INFO - Running: ['***', 'tasks', 'run', 'etl_session_data_to_snowflake', 'creat_tables_load_snowflake', 'manual__2025-10-27T19:44:37.990305+00:00', '--job-id', '37', '--raw', '--subdir', 'DAGS_FOLDER/session_data_to_snowflake.py', '--cfg-path', '/tmp/tmplx937ng3']
[2025-10-27T19:44:39.961+0000] {standard_task_runner.py:72} INFO - Started process 380 to run task
[2025-10-27T19:44:39.961+0000] {standard_task_runner.py:105} INFO - Job 37: Subtask creat_tables_load_snowflake
[2025-10-27T19:44:39.997+0000] {task_command.py:467} INFO - Running <TaskInstance: etl_session_data_to_snowflake.creat_tables_load_snowflake manual__2025-10-27T19:44:37.990305+00:00 [running]> on host 544e05e108c7
[2025-10-27T19:44:40.053+0000] {taskinstance.py:3131} INFO - Exporting env vars: AIRFLOW_CTX_DAG_OWNER='***' AIRFLOW_CTX_DAG_ID='etl_session_data_to_snowflake' AIRFLOW_CTX_TASK_ID='creat_tables_load_snowflake' AIRFLOW_CTX_EXECUTION_DATE='2025-10-27T19:44:37.990305+00:00' AIRFLOW_CTX_TRY_NUMBER='1' AIRFLOW_CTX_DAG_RUN_ID='manual__2025-10-27T19:44:37.990305+00:00'
[2025-10-27T19:44:40.055+0000] {taskinstance.py:731} INFO - ::endgroup::
[2025-10-27T19:44:40.298+0000] {cursor.py:1156} INFO - Number of results in first chunk: 1
[2025-10-27T19:44:40.465+0000] {cursor.py:1156} INFO - Number of results in first chunk: 1
[2025-10-27T19:44:40.579+0000] {cursor.py:1156} INFO - Number of results in first chunk: 1
[2025-10-27T19:44:40.870+0000] {cursor.py:1156} INFO - Number of results in first chunk: 1
[2025-10-27T19:44:41.822+0000] {cursor.py:1156} INFO - Number of results in first chunk: 1
[2025-10-27T19:44:42.612+0000] {cursor.py:1156} INFO - Number of results in first chunk: 1
[2025-10-27T19:44:42.717+0000] {cursor.py:1156} INFO - Number of results in first chunk: 1
[2025-10-27T19:44:42.718+0000] {logging_mixin.py:190} INFO - Data loaded successfully into Snowflake tables.
[2025-10-27T19:44:42.718+0000] {python.py:240} INFO - Done. Returned value was: None
[2025-10-27T19:44:42.726+0000] {taskinstance.py:340} INFO - ::group::Post task execution logs
[2025-10-27T19:44:42.726+0000] {taskinstance.py:352} INFO - Marking task as SUCCESS. dag_id=etl_session_data_to_snowflake, task_id=creat_tables_load_snowflake, run_id=manual__2025-10-27T19:44:37.990305+00:00, execution_date=20251027T194437, start_date=20251027T194439, end_date=20251027T194442
[2025-10-27T19:44:42.744+0000] {local_task_job_runner.py:266} INFO - Task exited with return code 0
[2025-10-27T19:44:42.754+0000] {taskinstance.py:3900} INFO - 0 downstream tasks scheduled from follow-on schedule check
[2025-10-27T19:44:42.755+0000] {local_task_job_runner.py:245} INFO - ::endgroup::
