[2025-10-27T19:56:57.992+0000] {local_task_job_runner.py:123} INFO - ::group::Pre task execution logs
[2025-10-27T19:56:58.003+0000] {taskinstance.py:2612} INFO - Dependencies all met for dep_context=non-requeueable deps ti=<TaskInstance: elt_snowflake_dag.run_ctas manual__2025-10-27T19:56:56.946906+00:00 [queued]>
[2025-10-27T19:56:58.008+0000] {taskinstance.py:2612} INFO - Dependencies all met for dep_context=requeueable deps ti=<TaskInstance: elt_snowflake_dag.run_ctas manual__2025-10-27T19:56:56.946906+00:00 [queued]>
[2025-10-27T19:56:58.009+0000] {taskinstance.py:2865} INFO - Starting attempt 1 of 1
[2025-10-27T19:56:58.018+0000] {taskinstance.py:2888} INFO - Executing <Task(_PythonDecoratedOperator): run_ctas> on 2025-10-27 19:56:56.946906+00:00
[2025-10-27T19:56:58.025+0000] {logging_mixin.py:190} WARNING - /home/***/.local/lib/python3.12/site-packages/***/task/task_runner/standard_task_runner.py:70 DeprecationWarning: This process (pid=721) is multi-threaded, use of fork() may lead to deadlocks in the child.
[2025-10-27T19:56:58.027+0000] {standard_task_runner.py:72} INFO - Started process 724 to run task
[2025-10-27T19:56:58.025+0000] {standard_task_runner.py:104} INFO - Running: ['***', 'tasks', 'run', 'elt_snowflake_dag', 'run_ctas', 'manual__2025-10-27T19:56:56.946906+00:00', '--job-id', '41', '--raw', '--subdir', 'DAGS_FOLDER/elt_snowflake.py', '--cfg-path', '/tmp/tmphna3c0yq']
[2025-10-27T19:56:58.028+0000] {standard_task_runner.py:105} INFO - Job 41: Subtask run_ctas
[2025-10-27T19:56:58.061+0000] {task_command.py:467} INFO - Running <TaskInstance: elt_snowflake_dag.run_ctas manual__2025-10-27T19:56:56.946906+00:00 [running]> on host 544e05e108c7
[2025-10-27T19:56:58.113+0000] {taskinstance.py:3131} INFO - Exporting env vars: AIRFLOW_CTX_DAG_OWNER='***' AIRFLOW_CTX_DAG_ID='elt_snowflake_dag' AIRFLOW_CTX_TASK_ID='run_ctas' AIRFLOW_CTX_EXECUTION_DATE='2025-10-27T19:56:56.946906+00:00' AIRFLOW_CTX_TRY_NUMBER='1' AIRFLOW_CTX_DAG_RUN_ID='manual__2025-10-27T19:56:56.946906+00:00'
[2025-10-27T19:56:58.114+0000] {taskinstance.py:731} INFO - ::endgroup::
[2025-10-27T19:56:58.116+0000] {elt_snowflake.py:26} INFO - session_summary
[2025-10-27T19:56:58.116+0000] {elt_snowflake.py:27} INFO - SELECT u.*, s.ts
    FROM raw.user_session_channel u
    JOIN raw.session_timestamp s ON u.sessionId=s.sessionId
    
[2025-10-27T19:56:58.125+0000] {base.py:84} INFO - Retrieving connection 'snowflake_conn'
[2025-10-27T19:56:58.126+0000] {connection.py:413} INFO - Snowflake Connector for Python Version: 3.12.1, Python Version: 3.12.5, Platform: Linux-5.15.167.4-microsoft-standard-WSL2-x86_64-with-glibc2.36
[2025-10-27T19:56:58.127+0000] {connection.py:1196} INFO - Connecting to GLOBAL Snowflake domain
[2025-10-27T19:56:58.128+0000] {connection.py:1277} INFO - This connection is in OCSP Fail Open Mode. TLS Certificates would be checked for validity and revocation status. Any other Certificate Revocation related exceptions or OCSP Responder failures would be disregarded in favor of connectivity.
[2025-10-27T19:56:58.436+0000] {elt_snowflake.py:33} INFO - CREATE OR REPLACE TABLE analytics.temp_session_summary AS SELECT u.*, s.ts
    FROM raw.user_session_channel u
    JOIN raw.session_timestamp s ON u.sessionId=s.sessionId
    
[2025-10-27T19:56:59.864+0000] {cursor.py:1156} INFO - Number of results in first chunk: 1
[2025-10-27T19:56:59.865+0000] {logging_mixin.py:190} INFO - 
              SELECT sessionId, COUNT(1) AS cnt 
              FROM analytics.temp_session_summary
              GROUP BY 1
              ORDER BY 2 DESC
              LIMIT 1
[2025-10-27T19:57:00.286+0000] {cursor.py:1156} INFO - Number of results in first chunk: 1
[2025-10-27T19:57:00.287+0000] {logging_mixin.py:190} INFO - ('0a54b19a13b6712dc04d1b49215423d8', 1) 1
[2025-10-27T19:57:00.536+0000] {cursor.py:1156} INFO - Number of results in first chunk: 1
[2025-10-27T19:57:00.629+0000] {cursor.py:1156} INFO - Number of results in first chunk: 1
[2025-10-27T19:57:00.629+0000] {python.py:240} INFO - Done. Returned value was: None
[2025-10-27T19:57:00.636+0000] {taskinstance.py:340} INFO - ::group::Post task execution logs
[2025-10-27T19:57:00.637+0000] {taskinstance.py:352} INFO - Marking task as SUCCESS. dag_id=elt_snowflake_dag, task_id=run_ctas, run_id=manual__2025-10-27T19:56:56.946906+00:00, execution_date=20251027T195656, start_date=20251027T195658, end_date=20251027T195700
[2025-10-27T19:57:00.687+0000] {local_task_job_runner.py:266} INFO - Task exited with return code 0
[2025-10-27T19:57:00.698+0000] {taskinstance.py:3900} INFO - 0 downstream tasks scheduled from follow-on schedule check
[2025-10-27T19:57:00.699+0000] {local_task_job_runner.py:245} INFO - ::endgroup::
